This file contains any messages produced by compilers while
running configure, to aid debugging if configure makes a mistake.

It was created by libgcrypt configure 1.8.6, which was
generated by GNU Autoconf 2.69.  Invocation command line was

  $ ./configure --enable-maintainer-mode

## --------- ##
## Platform. ##
## --------- ##

hostname = ubuntu-host
uname -m = x86_64
uname -r = 4.15.0-109-generic
uname -s = Linux
uname -v = #110-Ubuntu SMP Tue Jun 23 02:39:32 UTC 2020

/usr/bin/uname -p = unknown
/bin/uname -X     = unknown

/bin/arch              = unknown
/usr/bin/arch -k       = unknown
/usr/convex/getsysinfo = unknown
/usr/bin/hostinfo      = unknown
/bin/machine           = unknown
/usr/bin/oslevel       = unknown
/bin/universe          = unknown

PATH: /home/ubuntu/.vscode-server/bin/a0479759d6e9ea56afa657e454193f72aef85bd0/bin
PATH: /home/ubuntu/.local/bin
PATH: /home/ubuntu/.vscode-server/bin/a0479759d6e9ea56afa657e454193f72aef85bd0/bin
PATH: /home/ubuntu/.local/bin
PATH: /usr/local/sbin
PATH: /usr/local/bin
PATH: /usr/sbin
PATH: /usr/bin
PATH: /sbin
PATH: /bin
PATH: /usr/games
PATH: /usr/local/games
PATH: /snap/bin


## ----------- ##
## Core tests. ##
## ----------- ##

configure:2776: checking for a BSD-compatible install
configure:2844: result: /usr/bin/install -c
configure:2855: checking whether build environment is sane
configure:2910: result: yes
configure:3061: checking for a thread-safe mkdir -p
configure:3100: result: /bin/mkdir -p
configure:3107: checking for gawk
configure:3123: found /usr/bin/gawk
configure:3134: result: gawk
configure:3145: checking whether make sets $(MAKE)
configure:3167: result: yes
configure:3196: checking whether make supports nested variables
configure:3213: result: yes
configure:3347: checking build system type
configure:3361: result: x86_64-pc-linux-gnu
configure:3381: checking host system type
configure:3394: result: x86_64-pc-linux-gnu
configure:3415: checking whether to enable maintainer-specific portions of Makefiles
configure:3424: result: yes
configure:3448: checking whether make supports nested variables
configure:3465: result: yes
configure:3509: checking whether make sets $(MAKE)
configure:3531: result: yes
configure:3602: checking for gcc
configure:3618: found /usr/bin/gcc
configure:3629: result: gcc
configure:3858: checking for C compiler version
configure:3867: gcc --version >&5
gcc (Ubuntu 7.5.0-3ubuntu1~18.04) 7.5.0
Copyright (C) 2017 Free Software Foundation, Inc.
This is free software; see the source for copying conditions.  There is NO
warranty; not even for MERCHANTABILITY or FITNESS FOR A PARTICULAR PURPOSE.

configure:3878: $? = 0
configure:3867: gcc -v >&5
Using built-in specs.
COLLECT_GCC=gcc
COLLECT_LTO_WRAPPER=/usr/lib/gcc/x86_64-linux-gnu/7/lto-wrapper
OFFLOAD_TARGET_NAMES=nvptx-none
OFFLOAD_TARGET_DEFAULT=1
Target: x86_64-linux-gnu
Configured with: ../src/configure -v --with-pkgversion='Ubuntu 7.5.0-3ubuntu1~18.04' --with-bugurl=file:///usr/share/doc/gcc-7/README.Bugs --enable-languages=c,ada,c++,go,brig,d,fortran,objc,obj-c++ --prefix=/usr --with-gcc-major-version-only --program-suffix=-7 --program-prefix=x86_64-linux-gnu- --enable-shared --enable-linker-build-id --libexecdir=/usr/lib --without-included-gettext --enable-threads=posix --libdir=/usr/lib --enable-nls --enable-bootstrap --enable-clocale=gnu --enable-libstdcxx-debug --enable-libstdcxx-time=yes --with-default-libstdcxx-abi=new --enable-gnu-unique-object --disable-vtable-verify --enable-libmpx --enable-plugin --enable-default-pie --with-system-zlib --with-target-system-zlib --enable-objc-gc=auto --enable-multiarch --disable-werror --with-arch-32=i686 --with-abi=m64 --with-multilib-list=m32,m64,mx32 --enable-multilib --with-tune=generic --enable-offload-targets=nvptx-none --without-cuda-driver --enable-checking=release --build=x86_64-linux-gnu --host=x86_64-linux-gnu --target=x86_64-linux-gnu
Thread model: posix
gcc version 7.5.0 (Ubuntu 7.5.0-3ubuntu1~18.04) 
configure:3878: $? = 0
configure:3867: gcc -V >&5
gcc: error: unrecognized command line option '-V'
gcc: fatal error: no input files
compilation terminated.
configure:3878: $? = 1
configure:3867: gcc -qversion >&5
gcc: error: unrecognized command line option '-qversion'; did you mean '--version'?
gcc: fatal error: no input files
compilation terminated.
configure:3878: $? = 1
configure:3898: checking whether the C compiler works
configure:3920: gcc    conftest.c  >&5
configure:3924: $? = 0
configure:3972: result: yes
configure:3975: checking for C compiler default output file name
configure:3977: result: a.out
configure:3983: checking for suffix of executables
configure:3990: gcc -o conftest    conftest.c  >&5
configure:3994: $? = 0
configure:4016: result: 
configure:4038: checking whether we are cross compiling
configure:4046: gcc -o conftest    conftest.c  >&5
configure:4050: $? = 0
configure:4057: ./conftest
configure:4061: $? = 0
configure:4076: result: no
configure:4081: checking for suffix of object files
configure:4103: gcc -c   conftest.c >&5
configure:4107: $? = 0
configure:4128: result: o
configure:4132: checking whether we are using the GNU C compiler
configure:4151: gcc -c   conftest.c >&5
configure:4151: $? = 0
configure:4160: result: yes
configure:4169: checking whether gcc accepts -g
configure:4189: gcc -c -g  conftest.c >&5
configure:4189: $? = 0
configure:4230: result: yes
configure:4247: checking for gcc option to accept ISO C89
configure:4310: gcc  -c -g -O2  conftest.c >&5
configure:4310: $? = 0
configure:4323: result: none needed
configure:4348: checking whether gcc understands -c and -o together
configure:4370: gcc -c conftest.c -o conftest2.o
configure:4373: $? = 0
configure:4370: gcc -c conftest.c -o conftest2.o
configure:4373: $? = 0
configure:4385: result: yes
configure:4413: checking for style of include used by make
configure:4441: result: GNU
configure:4467: checking dependency style of gcc
configure:4578: result: gcc3
configure:4598: checking how to run the C preprocessor
configure:4629: gcc -E  conftest.c
configure:4629: $? = 0
configure:4643: gcc -E  conftest.c
conftest.c:13:10: fatal error: ac_nonexistent.h: No such file or directory
 #include <ac_nonexistent.h>
          ^~~~~~~~~~~~~~~~~~
compilation terminated.
configure:4643: $? = 1
configure: failed program was:
| /* confdefs.h */
| #define PACKAGE_NAME "libgcrypt"
| #define PACKAGE_TARNAME "libgcrypt"
| #define PACKAGE_VERSION "1.8.6"
| #define PACKAGE_STRING "libgcrypt 1.8.6"
| #define PACKAGE_BUGREPORT "http://bugs.gnupg.org"
| #define PACKAGE_URL ""
| #define PACKAGE "libgcrypt"
| #define VERSION "1.8.6"
| #define PACKAGE "libgcrypt"
| #define VERSION "1.8.6"
| /* end confdefs.h.  */
| #include <ac_nonexistent.h>
configure:4668: result: gcc -E
configure:4688: gcc -E  conftest.c
configure:4688: $? = 0
configure:4702: gcc -E  conftest.c
conftest.c:13:10: fatal error: ac_nonexistent.h: No such file or directory
 #include <ac_nonexistent.h>
          ^~~~~~~~~~~~~~~~~~
compilation terminated.
configure:4702: $? = 1
configure: failed program was:
| /* confdefs.h */
| #define PACKAGE_NAME "libgcrypt"
| #define PACKAGE_TARNAME "libgcrypt"
| #define PACKAGE_VERSION "1.8.6"
| #define PACKAGE_STRING "libgcrypt 1.8.6"
| #define PACKAGE_BUGREPORT "http://bugs.gnupg.org"
| #define PACKAGE_URL ""
| #define PACKAGE "libgcrypt"
| #define VERSION "1.8.6"
| #define PACKAGE "libgcrypt"
| #define VERSION "1.8.6"
| /* end confdefs.h.  */
| #include <ac_nonexistent.h>
configure:4740: checking dependency style of gcc
configure:4849: result: gcc3
configure:4865: checking for library containing strerror
configure:4896: gcc -o conftest -g -O2   conftest.c  >&5
configure:4896: $? = 0
configure:4913: result: none required
configure:4926: checking for gawk
configure:4953: result: gawk
configure:4966: checking for grep that handles long lines and -e
configure:5024: result: /bin/grep
configure:5029: checking for egrep
configure:5091: result: /bin/grep -E
configure:5096: checking for ANSI C header files
configure:5116: gcc -c -g -O2  conftest.c >&5
configure:5116: $? = 0
configure:5189: gcc -o conftest -g -O2   conftest.c  >&5
configure:5189: $? = 0
configure:5189: ./conftest
configure:5189: $? = 0
configure:5200: result: yes
configure:5213: checking for sys/types.h
configure:5213: gcc -c -g -O2  conftest.c >&5
configure:5213: $? = 0
configure:5213: result: yes
configure:5213: checking for sys/stat.h
configure:5213: gcc -c -g -O2  conftest.c >&5
configure:5213: $? = 0
configure:5213: result: yes
configure:5213: checking for stdlib.h
configure:5213: gcc -c -g -O2  conftest.c >&5
configure:5213: $? = 0
configure:5213: result: yes
configure:5213: checking for string.h
configure:5213: gcc -c -g -O2  conftest.c >&5
configure:5213: $? = 0
configure:5213: result: yes
configure:5213: checking for memory.h
configure:5213: gcc -c -g -O2  conftest.c >&5
configure:5213: $? = 0
configure:5213: result: yes
configure:5213: checking for strings.h
configure:5213: gcc -c -g -O2  conftest.c >&5
configure:5213: $? = 0
configure:5213: result: yes
configure:5213: checking for inttypes.h
configure:5213: gcc -c -g -O2  conftest.c >&5
configure:5213: $? = 0
configure:5213: result: yes
configure:5213: checking for stdint.h
configure:5213: gcc -c -g -O2  conftest.c >&5
configure:5213: $? = 0
configure:5213: result: yes
configure:5213: checking for unistd.h
configure:5213: gcc -c -g -O2  conftest.c >&5
configure:5213: $? = 0
configure:5213: result: yes
configure:5226: checking minix/config.h usability
configure:5226: gcc -c -g -O2  conftest.c >&5
conftest.c:56:10: fatal error: minix/config.h: No such file or directory
 #include <minix/config.h>
          ^~~~~~~~~~~~~~~~
compilation terminated.
configure:5226: $? = 1
configure: failed program was:
| /* confdefs.h */
| #define PACKAGE_NAME "libgcrypt"
| #define PACKAGE_TARNAME "libgcrypt"
| #define PACKAGE_VERSION "1.8.6"
| #define PACKAGE_STRING "libgcrypt 1.8.6"
| #define PACKAGE_BUGREPORT "http://bugs.gnupg.org"
| #define PACKAGE_URL ""
| #define PACKAGE "libgcrypt"
| #define VERSION "1.8.6"
| #define PACKAGE "libgcrypt"
| #define VERSION "1.8.6"
| #define STDC_HEADERS 1
| #define HAVE_SYS_TYPES_H 1
| #define HAVE_SYS_STAT_H 1
| #define HAVE_STDLIB_H 1
| #define HAVE_STRING_H 1
| #define HAVE_MEMORY_H 1
| #define HAVE_STRINGS_H 1
| #define HAVE_INTTYPES_H 1
| #define HAVE_STDINT_H 1
| #define HAVE_UNISTD_H 1
| /* end confdefs.h.  */
| #include <stdio.h>
| #ifdef HAVE_SYS_TYPES_H
| # include <sys/types.h>
| #endif
| #ifdef HAVE_SYS_STAT_H
| # include <sys/stat.h>
| #endif
| #ifdef STDC_HEADERS
| # include <stdlib.h>
| # include <stddef.h>
| #else
| # ifdef HAVE_STDLIB_H
| #  include <stdlib.h>
| # endif
| #endif
| #ifdef HAVE_STRING_H
| # if !defined STDC_HEADERS && defined HAVE_MEMORY_H
| #  include <memory.h>
| # endif
| # include <string.h>
| #endif
| #ifdef HAVE_STRINGS_H
| # include <strings.h>
| #endif
| #ifdef HAVE_INTTYPES_H
| # include <inttypes.h>
| #endif
| #ifdef HAVE_STDINT_H
| # include <stdint.h>
| #endif
| #ifdef HAVE_UNISTD_H
| # include <unistd.h>
| #endif
| #include <minix/config.h>
configure:5226: result: no
configure:5226: checking minix/config.h presence
configure:5226: gcc -E  conftest.c
conftest.c:23:10: fatal error: minix/config.h: No such file or directory
 #include <minix/config.h>
          ^~~~~~~~~~~~~~~~
compilation terminated.
configure:5226: $? = 1
configure: failed program was:
| /* confdefs.h */
| #define PACKAGE_NAME "libgcrypt"
| #define PACKAGE_TARNAME "libgcrypt"
| #define PACKAGE_VERSION "1.8.6"
| #define PACKAGE_STRING "libgcrypt 1.8.6"
| #define PACKAGE_BUGREPORT "http://bugs.gnupg.org"
| #define PACKAGE_URL ""
| #define PACKAGE "libgcrypt"
| #define VERSION "1.8.6"
| #define PACKAGE "libgcrypt"
| #define VERSION "1.8.6"
| #define STDC_HEADERS 1
| #define HAVE_SYS_TYPES_H 1
| #define HAVE_SYS_STAT_H 1
| #define HAVE_STDLIB_H 1
| #define HAVE_STRING_H 1
| #define HAVE_MEMORY_H 1
| #define HAVE_STRINGS_H 1
| #define HAVE_INTTYPES_H 1
| #define HAVE_STDINT_H 1
| #define HAVE_UNISTD_H 1
| /* end confdefs.h.  */
| #include <minix/config.h>
configure:5226: result: no
configure:5226: checking for minix/config.h
configure:5226: result: no
configure:5247: checking whether it is safe to define __EXTENSIONS__
configure:5265: gcc -c -g -O2  conftest.c >&5
configure:5265: $? = 0
configure:5272: result: yes
configure:5294: checking for cc for build
configure:5301: result: gcc
configure:5353: checking how to print strings
configure:5380: result: printf
configure:5401: checking for a sed that does not truncate output
configure:5465: result: /bin/sed
configure:5483: checking for fgrep
configure:5545: result: /bin/grep -F
configure:5580: checking for ld used by gcc
configure:5647: result: /usr/bin/ld
configure:5654: checking if the linker (/usr/bin/ld) is GNU ld
configure:5669: result: yes
configure:5681: checking for BSD- or MS-compatible name lister (nm)
configure:5730: result: /usr/bin/nm -B
configure:5860: checking the name lister (/usr/bin/nm -B) interface
configure:5867: gcc -c -g -O2  conftest.c >&5
configure:5870: /usr/bin/nm -B "conftest.o"
configure:5873: output
0000000000000000 B some_variable
configure:5880: result: BSD nm
configure:5883: checking whether ln -s works
configure:5887: result: yes
configure:5895: checking the maximum length of command line arguments
configure:6025: result: 1572864
configure:6042: checking whether the shell understands some XSI constructs
configure:6052: result: yes
configure:6056: checking whether the shell understands "+="
configure:6062: result: yes
configure:6097: checking how to convert x86_64-pc-linux-gnu file names to x86_64-pc-linux-gnu format
configure:6137: result: func_convert_file_noop
configure:6144: checking how to convert x86_64-pc-linux-gnu file names to toolchain format
configure:6164: result: func_convert_file_noop
configure:6171: checking for /usr/bin/ld option to reload object files
configure:6178: result: -r
configure:6252: checking for objdump
configure:6268: found /usr/bin/objdump
configure:6279: result: objdump
configure:6308: checking how to recognize dependent libraries
configure:6510: result: pass_all
configure:6595: checking for dlltool
configure:6625: result: no
configure:6652: checking how to associate runtime and link libraries
configure:6679: result: printf %s\n
configure:6739: checking for ar
configure:6755: found /usr/bin/ar
configure:6766: result: ar
configure:6803: checking for archiver @FILE support
configure:6820: gcc -c -g -O2  conftest.c >&5
configure:6820: $? = 0
configure:6823: ar cru libconftest.a @conftest.lst >&5
ar: `u' modifier ignored since `D' is the default (see `U')
configure:6826: $? = 0
configure:6831: ar cru libconftest.a @conftest.lst >&5
ar: `u' modifier ignored since `D' is the default (see `U')
ar: conftest.o: No such file or directory
configure:6834: $? = 1
configure:6846: result: @
configure:6904: checking for strip
configure:6920: found /usr/bin/strip
configure:6931: result: strip
configure:7003: checking for ranlib
configure:7019: found /usr/bin/ranlib
configure:7030: result: ranlib
configure:7132: checking command to parse /usr/bin/nm -B output from gcc object
configure:7252: gcc -c -g -O2  conftest.c >&5
configure:7255: $? = 0
configure:7259: /usr/bin/nm -B conftest.o \| sed -n -e 's/^.*[ ]\([ABCDGIRSTW][ABCDGIRSTW]*\)[ ][ ]*\([_A-Za-z][_A-Za-z0-9]*\)$/\1 \2 \2/p' | sed '/ __gnu_lto/d' \> conftest.nm
configure:7262: $? = 0
configure:7328: gcc -o conftest -g -O2   conftest.c conftstm.o >&5
configure:7331: $? = 0
configure:7369: result: ok
configure:7406: checking for sysroot
configure:7436: result: no
configure:7513: gcc -c -g -O2  conftest.c >&5
configure:7516: $? = 0
configure:7698: checking for mt
configure:7714: found /bin/mt
configure:7725: result: mt
configure:7748: checking if mt is a manifest tool
configure:7754: mt '-?'
configure:7762: result: no
configure:8401: checking for dlfcn.h
configure:8401: gcc -c -g -O2  conftest.c >&5
configure:8401: $? = 0
configure:8401: result: yes
configure:8904: checking for objdir
configure:8919: result: .libs
configure:9190: checking if gcc supports -fno-rtti -fno-exceptions
configure:9208: gcc -c -g -O2  -fno-rtti -fno-exceptions conftest.c >&5
cc1: warning: command line option '-fno-rtti' is valid for C++/ObjC++ but not for C
configure:9212: $? = 0
configure:9225: result: no
configure:9552: checking for gcc option to produce PIC
configure:9559: result: -fPIC -DPIC
configure:9567: checking if gcc PIC flag -fPIC -DPIC works
configure:9585: gcc -c -g -O2  -fPIC -DPIC -DPIC conftest.c >&5
configure:9589: $? = 0
configure:9602: result: yes
configure:9631: checking if gcc static flag -static works
configure:9659: result: yes
configure:9674: checking if gcc supports -c -o file.o
configure:9695: gcc -c -g -O2  -o out/conftest2.o conftest.c >&5
configure:9699: $? = 0
configure:9721: result: yes
configure:9729: checking if gcc supports -c -o file.o
configure:9776: result: yes
configure:9809: checking whether the gcc linker (/usr/bin/ld -m elf_x86_64) supports shared libraries
configure:10966: result: yes
configure:11003: checking whether -lc should be explicitly linked in
configure:11011: gcc -c -g -O2  conftest.c >&5
configure:11014: $? = 0
configure:11029: gcc -shared  -fPIC -DPIC conftest.o  -v -Wl,-soname -Wl,conftest -o conftest 2\>\&1 \| /bin/grep  -lc  \>/dev/null 2\>\&1
configure:11032: $? = 0
configure:11046: result: no
configure:11206: checking dynamic linker characteristics
configure:11737: gcc -o conftest -g -O2   -Wl,-rpath -Wl,/foo conftest.c  >&5
configure:11737: $? = 0
configure:11971: result: GNU/Linux ld.so
configure:12078: checking how to hardcode library paths into programs
configure:12103: result: immediate
configure:12643: checking whether stripping libraries is possible
configure:12648: result: yes
configure:12683: checking if libtool supports shared libraries
configure:12685: result: yes
configure:12688: checking whether to build shared libraries
configure:12709: result: yes
configure:12712: checking whether to build static libraries
configure:12716: result: no
configure:12796: checking for windres
configure:12826: result: no
configure:13105: checking whether byte ordering is bigendian
configure:13120: gcc -c -g -O2  conftest.c >&5
conftest.c:31:9: error: unknown type name 'not'
         not a universal capable compiler
         ^~~
conftest.c:31:15: error: expected '=', ',', ';', 'asm' or '__attribute__' before 'universal'
         not a universal capable compiler
               ^~~~~~~~~
conftest.c:31:15: error: unknown type name 'universal'
configure:13120: $? = 1
configure: failed program was:
| /* confdefs.h */
| #define PACKAGE_NAME "libgcrypt"
| #define PACKAGE_TARNAME "libgcrypt"
| #define PACKAGE_VERSION "1.8.6"
| #define PACKAGE_STRING "libgcrypt 1.8.6"
| #define PACKAGE_BUGREPORT "http://bugs.gnupg.org"
| #define PACKAGE_URL ""
| #define PACKAGE "libgcrypt"
| #define VERSION "1.8.6"
| #define PACKAGE "libgcrypt"
| #define VERSION "1.8.6"
| #define STDC_HEADERS 1
| #define HAVE_SYS_TYPES_H 1
| #define HAVE_SYS_STAT_H 1
| #define HAVE_STDLIB_H 1
| #define HAVE_STRING_H 1
| #define HAVE_MEMORY_H 1
| #define HAVE_STRINGS_H 1
| #define HAVE_INTTYPES_H 1
| #define HAVE_STDINT_H 1
| #define HAVE_UNISTD_H 1
| #define __EXTENSIONS__ 1
| #define _ALL_SOURCE 1
| #define _GNU_SOURCE 1
| #define _POSIX_PTHREAD_SEMANTICS 1
| #define _TANDEM_SOURCE 1
| #define HAVE_DLFCN_H 1
| #define LT_OBJDIR ".libs/"
| /* end confdefs.h.  */
| #ifndef __APPLE_CC__
| 	       not a universal capable compiler
| 	     #endif
| 	     typedef int dummy;
| 
configure:13165: gcc -c -g -O2  conftest.c >&5
configure:13165: $? = 0
configure:13183: gcc -c -g -O2  conftest.c >&5
conftest.c: In function 'main':
conftest.c:37:4: error: unknown type name 'not'; did you mean 'ino_t'?
    not big endian
    ^~~
    ino_t
conftest.c:37:12: error: expected '=', ',', ';', 'asm' or '__attribute__' before 'endian'
    not big endian
            ^~~~~~
configure:13183: $? = 1
configure: failed program was:
| /* confdefs.h */
| #define PACKAGE_NAME "libgcrypt"
| #define PACKAGE_TARNAME "libgcrypt"
| #define PACKAGE_VERSION "1.8.6"
| #define PACKAGE_STRING "libgcrypt 1.8.6"
| #define PACKAGE_BUGREPORT "http://bugs.gnupg.org"
| #define PACKAGE_URL ""
| #define PACKAGE "libgcrypt"
| #define VERSION "1.8.6"
| #define PACKAGE "libgcrypt"
| #define VERSION "1.8.6"
| #define STDC_HEADERS 1
| #define HAVE_SYS_TYPES_H 1
| #define HAVE_SYS_STAT_H 1
| #define HAVE_STDLIB_H 1
| #define HAVE_STRING_H 1
| #define HAVE_MEMORY_H 1
| #define HAVE_STRINGS_H 1
| #define HAVE_INTTYPES_H 1
| #define HAVE_STDINT_H 1
| #define HAVE_UNISTD_H 1
| #define __EXTENSIONS__ 1
| #define _ALL_SOURCE 1
| #define _GNU_SOURCE 1
| #define _POSIX_PTHREAD_SEMANTICS 1
| #define _TANDEM_SOURCE 1
| #define HAVE_DLFCN_H 1
| #define LT_OBJDIR ".libs/"
| /* end confdefs.h.  */
| #include <sys/types.h>
| 		#include <sys/param.h>
| 
| int
| main ()
| {
| #if BYTE_ORDER != BIG_ENDIAN
| 		 not big endian
| 		#endif
| 
|   ;
|   return 0;
| }
configure:13311: result: no
configure:13339: checking size of unsigned short
configure:13344: gcc -o conftest -g -O2   conftest.c  >&5
configure:13344: $? = 0
configure:13344: ./conftest
configure:13344: $? = 0
configure:13358: result: 2
configure:13372: checking size of unsigned int
configure:13377: gcc -o conftest -g -O2   conftest.c  >&5
configure:13377: $? = 0
configure:13377: ./conftest
configure:13377: $? = 0
configure:13391: result: 4
configure:13405: checking size of unsigned long
configure:13410: gcc -o conftest -g -O2   conftest.c  >&5
configure:13410: $? = 0
configure:13410: ./conftest
configure:13410: $? = 0
configure:13424: result: 8
configure:13438: checking size of unsigned long long
configure:13443: gcc -o conftest -g -O2   conftest.c  >&5
configure:13443: $? = 0
configure:13443: ./conftest
configure:13443: $? = 0
configure:13457: result: 8
configure:13471: checking size of void *
configure:13476: gcc -o conftest -g -O2   conftest.c  >&5
configure:13476: $? = 0
configure:13476: ./conftest
configure:13476: $? = 0
configure:13490: result: 8
configure:13502: checking for uintptr_t
configure:13502: gcc -c -g -O2  conftest.c >&5
configure:13502: $? = 0
configure:13502: gcc -c -g -O2  conftest.c >&5
conftest.c: In function 'main':
conftest.c:71:24: error: expected expression before ')' token
 if (sizeof ((uintptr_t)))
                        ^
configure:13502: $? = 1
configure: failed program was:
| /* confdefs.h */
| #define PACKAGE_NAME "libgcrypt"
| #define PACKAGE_TARNAME "libgcrypt"
| #define PACKAGE_VERSION "1.8.6"
| #define PACKAGE_STRING "libgcrypt 1.8.6"
| #define PACKAGE_BUGREPORT "http://bugs.gnupg.org"
| #define PACKAGE_URL ""
| #define PACKAGE "libgcrypt"
| #define VERSION "1.8.6"
| #define PACKAGE "libgcrypt"
| #define VERSION "1.8.6"
| #define STDC_HEADERS 1
| #define HAVE_SYS_TYPES_H 1
| #define HAVE_SYS_STAT_H 1
| #define HAVE_STDLIB_H 1
| #define HAVE_STRING_H 1
| #define HAVE_MEMORY_H 1
| #define HAVE_STRINGS_H 1
| #define HAVE_INTTYPES_H 1
| #define HAVE_STDINT_H 1
| #define HAVE_UNISTD_H 1
| #define __EXTENSIONS__ 1
| #define _ALL_SOURCE 1
| #define _GNU_SOURCE 1
| #define _POSIX_PTHREAD_SEMANTICS 1
| #define _TANDEM_SOURCE 1
| #define HAVE_DLFCN_H 1
| #define LT_OBJDIR ".libs/"
| #define SIZEOF_UNSIGNED_SHORT 2
| #define SIZEOF_UNSIGNED_INT 4
| #define SIZEOF_UNSIGNED_LONG 8
| #define SIZEOF_UNSIGNED_LONG_LONG 8
| #define SIZEOF_VOID_P 8
| /* end confdefs.h.  */
| #include <stdio.h>
| #ifdef HAVE_SYS_TYPES_H
| # include <sys/types.h>
| #endif
| #ifdef HAVE_SYS_STAT_H
| # include <sys/stat.h>
| #endif
| #ifdef STDC_HEADERS
| # include <stdlib.h>
| # include <stddef.h>
| #else
| # ifdef HAVE_STDLIB_H
| #  include <stdlib.h>
| # endif
| #endif
| #ifdef HAVE_STRING_H
| # if !defined STDC_HEADERS && defined HAVE_MEMORY_H
| #  include <memory.h>
| # endif
| # include <string.h>
| #endif
| #ifdef HAVE_STRINGS_H
| # include <strings.h>
| #endif
| #ifdef HAVE_INTTYPES_H
| # include <inttypes.h>
| #endif
| #ifdef HAVE_STDINT_H
| # include <stdint.h>
| #endif
| #ifdef HAVE_UNISTD_H
| # include <unistd.h>
| #endif
| int
| main ()
| {
| if (sizeof ((uintptr_t)))
| 	    return 0;
|   ;
|   return 0;
| }
configure:13502: result: yes
configure:13547: checking for UINT64_C
configure:13563: gcc -c -g -O2  conftest.c >&5
configure:13563: $? = 0
configure:13570: result: yes
configure:13577: checking size of uint64_t
configure:13582: gcc -o conftest -g -O2   conftest.c  >&5
configure:13582: $? = 0
configure:13582: ./conftest
configure:13582: $? = 0
configure:13596: result: 8
configure:13655: checking which symmetric ciphers to include
configure:13673: result: arcfour blowfish cast5 des aes twofish serpent rfc2268 seed camellia idea salsa20 gost28147 chacha20
configure:13689: checking which public-key ciphers to include
configure:13707: result: dsa elgamal rsa ecc
configure:13723: checking which message digests to include
configure:13741: result: crc gostr3411-94  md4 md5 rmd160 sha1 sha256 sha512 sha3 tiger whirlpool stribog blake2
configure:13757: checking which key derivation functions to include
configure:13775: result: s2k pkdf2 scrypt
configure:13787: checking which random module to use
configure:13805: result: default
configure:13809: checking whether use of /dev/random is requested
configure:13818: result: yes
configure:13837: checking whether the experimental random daemon is requested
configure:13846: result: no
configure:13864: checking whether MPI assembler modules are requested
configure:13873: result: yes
configure:13877: checking whether memory guard is requested
configure:13886: result: no
configure:13895: checking whether to run large data tests
configure:13904: result: no
configure:13912: checking whether use of capabilities is requested
configure:13922: result: no
configure:13926: checking whether a HMAC binary check is requested
configure:13935: result: no
configure:13945: checking whether jitter entropy support is requested
configure:13954: result: yes
configure:13958: checking whether padlock support is requested
configure:13967: result: yes
configure:13971: checking whether AESNI support is requested
configure:13980: result: yes
configure:13984: checking whether PCLMUL support is requested
configure:13993: result: yes
configure:13997: checking whether SSE4.1 support is requested
configure:14006: result: yes
configure:14010: checking whether DRNG support is requested
configure:14019: result: yes
configure:14023: checking whether AVX support is requested
configure:14032: result: yes
configure:14036: checking whether AVX2 support is requested
configure:14045: result: yes
configure:14049: checking whether NEON support is requested
configure:14058: result: yes
configure:14062: checking whether ARMv8 Crypto Extension support is requested
configure:14071: result: yes
configure:14075: checking whether a -O flag munging is requested
configure:14084: result: yes
configure:14096: checking whether to enable AMD64 as(1) feature detection
configure:14105: result: yes
configure:14199: checking for gpg-error-config
configure:14217: found /usr/bin/gpg-error-config
configure:14230: result: /usr/bin/gpg-error-config
configure:14239: checking for GPG Error - version >= 1.25
configure:14268: result: yes (1.27-unknown)
configure:14490: checking for pthread_create in -lpthread
configure:14515: gcc -o conftest -g -O2   conftest.c -lpthread   >&5
configure:14515: $? = 0
configure:14524: result: yes
configure:14540: checking for library containing setsockopt
configure:14571: gcc -o conftest -g -O2   conftest.c  >&5
configure:14571: $? = 0
configure:14588: result: none required
configure:14653: checking for library containing setsockopt
configure:14701: result: none required
configure:14714: checking for ANSI C header files
configure:14818: result: yes
configure:14829: checking for unistd.h
configure:14829: result: yes
configure:14829: checking sys/select.h usability
configure:14829: gcc -c -g -O2  conftest.c >&5
configure:14829: $? = 0
configure:14829: result: yes
configure:14829: checking sys/select.h presence
configure:14829: gcc -E  conftest.c
configure:14829: $? = 0
configure:14829: result: yes
configure:14829: checking for sys/select.h
configure:14829: result: yes
configure:14829: checking sys/msg.h usability
configure:14829: gcc -c -g -O2  conftest.c >&5
configure:14829: $? = 0
configure:14829: result: yes
configure:14829: checking sys/msg.h presence
configure:14829: gcc -E  conftest.c
configure:14829: $? = 0
configure:14829: result: yes
configure:14829: checking for sys/msg.h
configure:14829: result: yes
configure:14851: checking for an ANSI C-conforming const
configure:14917: gcc -c -g -O2  conftest.c >&5
configure:14917: $? = 0
configure:14924: result: yes
configure:14932: checking for inline
configure:14948: gcc -c -g -O2  conftest.c >&5
configure:14948: $? = 0
configure:14956: result: inline
configure:14974: checking for size_t
configure:14974: gcc -c -g -O2  conftest.c >&5
configure:14974: $? = 0
configure:14974: gcc -c -g -O2  conftest.c >&5
conftest.c: In function 'main':
conftest.c:83:21: error: expected expression before ')' token
 if (sizeof ((size_t)))
                     ^
configure:14974: $? = 1
configure: failed program was:
| /* confdefs.h */
| #define PACKAGE_NAME "libgcrypt"
| #define PACKAGE_TARNAME "libgcrypt"
| #define PACKAGE_VERSION "1.8.6"
| #define PACKAGE_STRING "libgcrypt 1.8.6"
| #define PACKAGE_BUGREPORT "http://bugs.gnupg.org"
| #define PACKAGE_URL ""
| #define PACKAGE "libgcrypt"
| #define VERSION "1.8.6"
| #define PACKAGE "libgcrypt"
| #define VERSION "1.8.6"
| #define STDC_HEADERS 1
| #define HAVE_SYS_TYPES_H 1
| #define HAVE_SYS_STAT_H 1
| #define HAVE_STDLIB_H 1
| #define HAVE_STRING_H 1
| #define HAVE_MEMORY_H 1
| #define HAVE_STRINGS_H 1
| #define HAVE_INTTYPES_H 1
| #define HAVE_STDINT_H 1
| #define HAVE_UNISTD_H 1
| #define __EXTENSIONS__ 1
| #define _ALL_SOURCE 1
| #define _GNU_SOURCE 1
| #define _POSIX_PTHREAD_SEMANTICS 1
| #define _TANDEM_SOURCE 1
| #define HAVE_DLFCN_H 1
| #define LT_OBJDIR ".libs/"
| #define SIZEOF_UNSIGNED_SHORT 2
| #define SIZEOF_UNSIGNED_INT 4
| #define SIZEOF_UNSIGNED_LONG 8
| #define SIZEOF_UNSIGNED_LONG_LONG 8
| #define SIZEOF_VOID_P 8
| #define HAVE_UINTPTR_T 1
| #define SIZEOF_UINT64_T 8
| #define EGD_SOCKET_NAME ""
| #define PRINTABLE_OS_NAME "GNU/Linux"
| #define NAME_OF_DEV_RANDOM "/dev/random"
| #define NAME_OF_DEV_URANDOM "/dev/urandom"
| #define GPG_ERR_SOURCE_DEFAULT GPG_ERR_SOURCE_GCRYPT
| #define HAVE_PTHREAD 1 
| #define STDC_HEADERS 1
| #define HAVE_UNISTD_H 1
| #define HAVE_SYS_SELECT_H 1
| #define HAVE_SYS_MSG_H 1
| /* end confdefs.h.  */
| #include <stdio.h>
| #ifdef HAVE_SYS_TYPES_H
| # include <sys/types.h>
| #endif
| #ifdef HAVE_SYS_STAT_H
| # include <sys/stat.h>
| #endif
| #ifdef STDC_HEADERS
| # include <stdlib.h>
| # include <stddef.h>
| #else
| # ifdef HAVE_STDLIB_H
| #  include <stdlib.h>
| # endif
| #endif
| #ifdef HAVE_STRING_H
| # if !defined STDC_HEADERS && defined HAVE_MEMORY_H
| #  include <memory.h>
| # endif
| # include <string.h>
| #endif
| #ifdef HAVE_STRINGS_H
| # include <strings.h>
| #endif
| #ifdef HAVE_INTTYPES_H
| # include <inttypes.h>
| #endif
| #ifdef HAVE_STDINT_H
| # include <stdint.h>
| #endif
| #ifdef HAVE_UNISTD_H
| # include <unistd.h>
| #endif
| int
| main ()
| {
| if (sizeof ((size_t)))
| 	    return 0;
|   ;
|   return 0;
| }
configure:14974: result: yes
configure:14985: checking return type of signal handlers
configure:15003: gcc -c -g -O2  conftest.c >&5
conftest.c: In function 'main':
conftest.c:53:10: error: void value not ignored as it ought to be
 return *(signal (0, 0)) (0) == 1;
         ~^~~~~~~~~~~~~~~~~~
configure:15003: $? = 1
configure: failed program was:
| /* confdefs.h */
| #define PACKAGE_NAME "libgcrypt"
| #define PACKAGE_TARNAME "libgcrypt"
| #define PACKAGE_VERSION "1.8.6"
| #define PACKAGE_STRING "libgcrypt 1.8.6"
| #define PACKAGE_BUGREPORT "http://bugs.gnupg.org"
| #define PACKAGE_URL ""
| #define PACKAGE "libgcrypt"
| #define VERSION "1.8.6"
| #define PACKAGE "libgcrypt"
| #define VERSION "1.8.6"
| #define STDC_HEADERS 1
| #define HAVE_SYS_TYPES_H 1
| #define HAVE_SYS_STAT_H 1
| #define HAVE_STDLIB_H 1
| #define HAVE_STRING_H 1
| #define HAVE_MEMORY_H 1
| #define HAVE_STRINGS_H 1
| #define HAVE_INTTYPES_H 1
| #define HAVE_STDINT_H 1
| #define HAVE_UNISTD_H 1
| #define __EXTENSIONS__ 1
| #define _ALL_SOURCE 1
| #define _GNU_SOURCE 1
| #define _POSIX_PTHREAD_SEMANTICS 1
| #define _TANDEM_SOURCE 1
| #define HAVE_DLFCN_H 1
| #define LT_OBJDIR ".libs/"
| #define SIZEOF_UNSIGNED_SHORT 2
| #define SIZEOF_UNSIGNED_INT 4
| #define SIZEOF_UNSIGNED_LONG 8
| #define SIZEOF_UNSIGNED_LONG_LONG 8
| #define SIZEOF_VOID_P 8
| #define HAVE_UINTPTR_T 1
| #define SIZEOF_UINT64_T 8
| #define EGD_SOCKET_NAME ""
| #define PRINTABLE_OS_NAME "GNU/Linux"
| #define NAME_OF_DEV_RANDOM "/dev/random"
| #define NAME_OF_DEV_URANDOM "/dev/urandom"
| #define GPG_ERR_SOURCE_DEFAULT GPG_ERR_SOURCE_GCRYPT
| #define HAVE_PTHREAD 1 
| #define STDC_HEADERS 1
| #define HAVE_UNISTD_H 1
| #define HAVE_SYS_SELECT_H 1
| #define HAVE_SYS_MSG_H 1
| /* end confdefs.h.  */
| #include <sys/types.h>
| #include <signal.h>
| 
| int
| main ()
| {
| return *(signal (0, 0)) (0) == 1;
|   ;
|   return 0;
| }
configure:15010: result: void
configure:15018: checking whether sys_siglist is declared
configure:15018: gcc -c -g -O2  conftest.c >&5
configure:15018: $? = 0
configure:15018: result: yes
configure:15036: checking for pid_t
configure:15036: gcc -c -g -O2  conftest.c >&5
configure:15036: $? = 0
configure:15036: gcc -c -g -O2  conftest.c >&5
conftest.c: In function 'main':
conftest.c:85:20: error: expected expression before ')' token
 if (sizeof ((pid_t)))
                    ^
configure:15036: $? = 1
configure: failed program was:
| /* confdefs.h */
| #define PACKAGE_NAME "libgcrypt"
| #define PACKAGE_TARNAME "libgcrypt"
| #define PACKAGE_VERSION "1.8.6"
| #define PACKAGE_STRING "libgcrypt 1.8.6"
| #define PACKAGE_BUGREPORT "http://bugs.gnupg.org"
| #define PACKAGE_URL ""
| #define PACKAGE "libgcrypt"
| #define VERSION "1.8.6"
| #define PACKAGE "libgcrypt"
| #define VERSION "1.8.6"
| #define STDC_HEADERS 1
| #define HAVE_SYS_TYPES_H 1
| #define HAVE_SYS_STAT_H 1
| #define HAVE_STDLIB_H 1
| #define HAVE_STRING_H 1
| #define HAVE_MEMORY_H 1
| #define HAVE_STRINGS_H 1
| #define HAVE_INTTYPES_H 1
| #define HAVE_STDINT_H 1
| #define HAVE_UNISTD_H 1
| #define __EXTENSIONS__ 1
| #define _ALL_SOURCE 1
| #define _GNU_SOURCE 1
| #define _POSIX_PTHREAD_SEMANTICS 1
| #define _TANDEM_SOURCE 1
| #define HAVE_DLFCN_H 1
| #define LT_OBJDIR ".libs/"
| #define SIZEOF_UNSIGNED_SHORT 2
| #define SIZEOF_UNSIGNED_INT 4
| #define SIZEOF_UNSIGNED_LONG 8
| #define SIZEOF_UNSIGNED_LONG_LONG 8
| #define SIZEOF_VOID_P 8
| #define HAVE_UINTPTR_T 1
| #define SIZEOF_UINT64_T 8
| #define EGD_SOCKET_NAME ""
| #define PRINTABLE_OS_NAME "GNU/Linux"
| #define NAME_OF_DEV_RANDOM "/dev/random"
| #define NAME_OF_DEV_URANDOM "/dev/urandom"
| #define GPG_ERR_SOURCE_DEFAULT GPG_ERR_SOURCE_GCRYPT
| #define HAVE_PTHREAD 1 
| #define STDC_HEADERS 1
| #define HAVE_UNISTD_H 1
| #define HAVE_SYS_SELECT_H 1
| #define HAVE_SYS_MSG_H 1
| #define RETSIGTYPE void
| #define HAVE_DECL_SYS_SIGLIST 1
| /* end confdefs.h.  */
| #include <stdio.h>
| #ifdef HAVE_SYS_TYPES_H
| # include <sys/types.h>
| #endif
| #ifdef HAVE_SYS_STAT_H
| # include <sys/stat.h>
| #endif
| #ifdef STDC_HEADERS
| # include <stdlib.h>
| # include <stddef.h>
| #else
| # ifdef HAVE_STDLIB_H
| #  include <stdlib.h>
| # endif
| #endif
| #ifdef HAVE_STRING_H
| # if !defined STDC_HEADERS && defined HAVE_MEMORY_H
| #  include <memory.h>
| # endif
| # include <string.h>
| #endif
| #ifdef HAVE_STRINGS_H
| # include <strings.h>
| #endif
| #ifdef HAVE_INTTYPES_H
| # include <inttypes.h>
| #endif
| #ifdef HAVE_STDINT_H
| # include <stdint.h>
| #endif
| #ifdef HAVE_UNISTD_H
| # include <unistd.h>
| #endif
| int
| main ()
| {
| if (sizeof ((pid_t)))
| 	    return 0;
|   ;
|   return 0;
| }
configure:15036: result: yes
configure:15048: checking for byte typedef
configure:15069: gcc -c -g -O2  conftest.c >&5
conftest.c: In function 'main':
conftest.c:57:20: error: 'byte' undeclared (first use in this function); did you mean 'system'?
     int a = sizeof(byte);
                    ^~~~
                    system
conftest.c:57:20: note: each undeclared identifier is reported only once for each function it appears in
configure:15069: $? = 1
configure: failed program was:
| /* confdefs.h */
| #define PACKAGE_NAME "libgcrypt"
| #define PACKAGE_TARNAME "libgcrypt"
| #define PACKAGE_VERSION "1.8.6"
| #define PACKAGE_STRING "libgcrypt 1.8.6"
| #define PACKAGE_BUGREPORT "http://bugs.gnupg.org"
| #define PACKAGE_URL ""
| #define PACKAGE "libgcrypt"
| #define VERSION "1.8.6"
| #define PACKAGE "libgcrypt"
| #define VERSION "1.8.6"
| #define STDC_HEADERS 1
| #define HAVE_SYS_TYPES_H 1
| #define HAVE_SYS_STAT_H 1
| #define HAVE_STDLIB_H 1
| #define HAVE_STRING_H 1
| #define HAVE_MEMORY_H 1
| #define HAVE_STRINGS_H 1
| #define HAVE_INTTYPES_H 1
| #define HAVE_STDINT_H 1
| #define HAVE_UNISTD_H 1
| #define __EXTENSIONS__ 1
| #define _ALL_SOURCE 1
| #define _GNU_SOURCE 1
| #define _POSIX_PTHREAD_SEMANTICS 1
| #define _TANDEM_SOURCE 1
| #define HAVE_DLFCN_H 1
| #define LT_OBJDIR ".libs/"
| #define SIZEOF_UNSIGNED_SHORT 2
| #define SIZEOF_UNSIGNED_INT 4
| #define SIZEOF_UNSIGNED_LONG 8
| #define SIZEOF_UNSIGNED_LONG_LONG 8
| #define SIZEOF_VOID_P 8
| #define HAVE_UINTPTR_T 1
| #define SIZEOF_UINT64_T 8
| #define EGD_SOCKET_NAME ""
| #define PRINTABLE_OS_NAME "GNU/Linux"
| #define NAME_OF_DEV_RANDOM "/dev/random"
| #define NAME_OF_DEV_URANDOM "/dev/urandom"
| #define GPG_ERR_SOURCE_DEFAULT GPG_ERR_SOURCE_GCRYPT
| #define HAVE_PTHREAD 1 
| #define STDC_HEADERS 1
| #define HAVE_UNISTD_H 1
| #define HAVE_SYS_SELECT_H 1
| #define HAVE_SYS_MSG_H 1
| #define RETSIGTYPE void
| #define HAVE_DECL_SYS_SIGLIST 1
| /* end confdefs.h.  */
| #define _GNU_SOURCE 1
|     #include <stdlib.h>
|     #include <sys/types.h>
| int
| main ()
| {
| 
|     #undef byte
|     int a = sizeof(byte);
| 
|   ;
|   return 0;
| }
configure:15077: result: no
configure:15085: checking for ushort typedef
configure:15106: gcc -c -g -O2  conftest.c >&5
configure:15106: $? = 0
configure:15114: result: yes
configure:15122: checking for ulong typedef
configure:15143: gcc -c -g -O2  conftest.c >&5
configure:15143: $? = 0
configure:15151: result: yes
configure:15159: checking for u16 typedef
configure:15180: gcc -c -g -O2  conftest.c >&5
conftest.c: In function 'main':
conftest.c:59:20: error: 'u16' undeclared (first use in this function)
     int a = sizeof(u16);
                    ^~~
conftest.c:59:20: note: each undeclared identifier is reported only once for each function it appears in
configure:15180: $? = 1
configure: failed program was:
| /* confdefs.h */
| #define PACKAGE_NAME "libgcrypt"
| #define PACKAGE_TARNAME "libgcrypt"
| #define PACKAGE_VERSION "1.8.6"
| #define PACKAGE_STRING "libgcrypt 1.8.6"
| #define PACKAGE_BUGREPORT "http://bugs.gnupg.org"
| #define PACKAGE_URL ""
| #define PACKAGE "libgcrypt"
| #define VERSION "1.8.6"
| #define PACKAGE "libgcrypt"
| #define VERSION "1.8.6"
| #define STDC_HEADERS 1
| #define HAVE_SYS_TYPES_H 1
| #define HAVE_SYS_STAT_H 1
| #define HAVE_STDLIB_H 1
| #define HAVE_STRING_H 1
| #define HAVE_MEMORY_H 1
| #define HAVE_STRINGS_H 1
| #define HAVE_INTTYPES_H 1
| #define HAVE_STDINT_H 1
| #define HAVE_UNISTD_H 1
| #define __EXTENSIONS__ 1
| #define _ALL_SOURCE 1
| #define _GNU_SOURCE 1
| #define _POSIX_PTHREAD_SEMANTICS 1
| #define _TANDEM_SOURCE 1
| #define HAVE_DLFCN_H 1
| #define LT_OBJDIR ".libs/"
| #define SIZEOF_UNSIGNED_SHORT 2
| #define SIZEOF_UNSIGNED_INT 4
| #define SIZEOF_UNSIGNED_LONG 8
| #define SIZEOF_UNSIGNED_LONG_LONG 8
| #define SIZEOF_VOID_P 8
| #define HAVE_UINTPTR_T 1
| #define SIZEOF_UINT64_T 8
| #define EGD_SOCKET_NAME ""
| #define PRINTABLE_OS_NAME "GNU/Linux"
| #define NAME_OF_DEV_RANDOM "/dev/random"
| #define NAME_OF_DEV_URANDOM "/dev/urandom"
| #define GPG_ERR_SOURCE_DEFAULT GPG_ERR_SOURCE_GCRYPT
| #define HAVE_PTHREAD 1 
| #define STDC_HEADERS 1
| #define HAVE_UNISTD_H 1
| #define HAVE_SYS_SELECT_H 1
| #define HAVE_SYS_MSG_H 1
| #define RETSIGTYPE void
| #define HAVE_DECL_SYS_SIGLIST 1
| #define HAVE_USHORT_TYPEDEF 1
| #define HAVE_ULONG_TYPEDEF 1
| /* end confdefs.h.  */
| #define _GNU_SOURCE 1
|     #include <stdlib.h>
|     #include <sys/types.h>
| int
| main ()
| {
| 
|     #undef u16
|     int a = sizeof(u16);
| 
|   ;
|   return 0;
| }
configure:15188: result: no
configure:15196: checking for u32 typedef
configure:15217: gcc -c -g -O2  conftest.c >&5
conftest.c: In function 'main':
conftest.c:59:20: error: 'u32' undeclared (first use in this function)
     int a = sizeof(u32);
                    ^~~
conftest.c:59:20: note: each undeclared identifier is reported only once for each function it appears in
configure:15217: $? = 1
configure: failed program was:
| /* confdefs.h */
| #define PACKAGE_NAME "libgcrypt"
| #define PACKAGE_TARNAME "libgcrypt"
| #define PACKAGE_VERSION "1.8.6"
| #define PACKAGE_STRING "libgcrypt 1.8.6"
| #define PACKAGE_BUGREPORT "http://bugs.gnupg.org"
| #define PACKAGE_URL ""
| #define PACKAGE "libgcrypt"
| #define VERSION "1.8.6"
| #define PACKAGE "libgcrypt"
| #define VERSION "1.8.6"
| #define STDC_HEADERS 1
| #define HAVE_SYS_TYPES_H 1
| #define HAVE_SYS_STAT_H 1
| #define HAVE_STDLIB_H 1
| #define HAVE_STRING_H 1
| #define HAVE_MEMORY_H 1
| #define HAVE_STRINGS_H 1
| #define HAVE_INTTYPES_H 1
| #define HAVE_STDINT_H 1
| #define HAVE_UNISTD_H 1
| #define __EXTENSIONS__ 1
| #define _ALL_SOURCE 1
| #define _GNU_SOURCE 1
| #define _POSIX_PTHREAD_SEMANTICS 1
| #define _TANDEM_SOURCE 1
| #define HAVE_DLFCN_H 1
| #define LT_OBJDIR ".libs/"
| #define SIZEOF_UNSIGNED_SHORT 2
| #define SIZEOF_UNSIGNED_INT 4
| #define SIZEOF_UNSIGNED_LONG 8
| #define SIZEOF_UNSIGNED_LONG_LONG 8
| #define SIZEOF_VOID_P 8
| #define HAVE_UINTPTR_T 1
| #define SIZEOF_UINT64_T 8
| #define EGD_SOCKET_NAME ""
| #define PRINTABLE_OS_NAME "GNU/Linux"
| #define NAME_OF_DEV_RANDOM "/dev/random"
| #define NAME_OF_DEV_URANDOM "/dev/urandom"
| #define GPG_ERR_SOURCE_DEFAULT GPG_ERR_SOURCE_GCRYPT
| #define HAVE_PTHREAD 1 
| #define STDC_HEADERS 1
| #define HAVE_UNISTD_H 1
| #define HAVE_SYS_SELECT_H 1
| #define HAVE_SYS_MSG_H 1
| #define RETSIGTYPE void
| #define HAVE_DECL_SYS_SIGLIST 1
| #define HAVE_USHORT_TYPEDEF 1
| #define HAVE_ULONG_TYPEDEF 1
| /* end confdefs.h.  */
| #define _GNU_SOURCE 1
|     #include <stdlib.h>
|     #include <sys/types.h>
| int
| main ()
| {
| 
|     #undef u32
|     int a = sizeof(u32);
| 
|   ;
|   return 0;
| }
configure:15225: result: no
configure:15237: checking sys/socket.h usability
configure:15237: gcc -c -g -O2  conftest.c >&5
configure:15237: $? = 0
configure:15237: result: yes
configure:15237: checking sys/socket.h presence
configure:15237: gcc -E  conftest.c
configure:15237: $? = 0
configure:15237: result: yes
configure:15237: checking for sys/socket.h
configure:15237: result: yes
configure:15276: checking for socklen_t
configure:15276: gcc -c -g -O2  conftest.c >&5
configure:15276: $? = 0
configure:15276: gcc -c -g -O2  conftest.c >&5
conftest.c: In function 'main':
conftest.c:62:24: error: expected expression before ')' token
 if (sizeof ((socklen_t)))
                        ^
configure:15276: $? = 1
configure: failed program was:
| /* confdefs.h */
| #define PACKAGE_NAME "libgcrypt"
| #define PACKAGE_TARNAME "libgcrypt"
| #define PACKAGE_VERSION "1.8.6"
| #define PACKAGE_STRING "libgcrypt 1.8.6"
| #define PACKAGE_BUGREPORT "http://bugs.gnupg.org"
| #define PACKAGE_URL ""
| #define PACKAGE "libgcrypt"
| #define VERSION "1.8.6"
| #define PACKAGE "libgcrypt"
| #define VERSION "1.8.6"
| #define STDC_HEADERS 1
| #define HAVE_SYS_TYPES_H 1
| #define HAVE_SYS_STAT_H 1
| #define HAVE_STDLIB_H 1
| #define HAVE_STRING_H 1
| #define HAVE_MEMORY_H 1
| #define HAVE_STRINGS_H 1
| #define HAVE_INTTYPES_H 1
| #define HAVE_STDINT_H 1
| #define HAVE_UNISTD_H 1
| #define __EXTENSIONS__ 1
| #define _ALL_SOURCE 1
| #define _GNU_SOURCE 1
| #define _POSIX_PTHREAD_SEMANTICS 1
| #define _TANDEM_SOURCE 1
| #define HAVE_DLFCN_H 1
| #define LT_OBJDIR ".libs/"
| #define SIZEOF_UNSIGNED_SHORT 2
| #define SIZEOF_UNSIGNED_INT 4
| #define SIZEOF_UNSIGNED_LONG 8
| #define SIZEOF_UNSIGNED_LONG_LONG 8
| #define SIZEOF_VOID_P 8
| #define HAVE_UINTPTR_T 1
| #define SIZEOF_UINT64_T 8
| #define EGD_SOCKET_NAME ""
| #define PRINTABLE_OS_NAME "GNU/Linux"
| #define NAME_OF_DEV_RANDOM "/dev/random"
| #define NAME_OF_DEV_URANDOM "/dev/urandom"
| #define GPG_ERR_SOURCE_DEFAULT GPG_ERR_SOURCE_GCRYPT
| #define HAVE_PTHREAD 1 
| #define STDC_HEADERS 1
| #define HAVE_UNISTD_H 1
| #define HAVE_SYS_SELECT_H 1
| #define HAVE_SYS_MSG_H 1
| #define RETSIGTYPE void
| #define HAVE_DECL_SYS_SIGLIST 1
| #define HAVE_USHORT_TYPEDEF 1
| #define HAVE_ULONG_TYPEDEF 1
| #define HAVE_SYS_SOCKET_H 1
| /* end confdefs.h.  */
| #include <sys/types.h>
|       #if HAVE_SYS_SOCKET_H
|       # include <sys/socket.h>
|       #elif HAVE_WS2TCPIP_H
|       # include <ws2tcpip.h>
|       #endif
| 
| int
| main ()
| {
| if (sizeof ((socklen_t)))
| 	    return 0;
|   ;
|   return 0;
| }
configure:15276: result: yes
configure:15353: checking for __builtin_bswap32
configure:15370: gcc -o conftest -g -O2   conftest.c  >&5
configure:15370: $? = 0
configure:15376: result: yes
configure:15388: checking for __builtin_bswap64
configure:15405: gcc -o conftest -g -O2   conftest.c  >&5
configure:15405: $? = 0
configure:15411: result: yes
configure:15423: checking for __builtin_ctz
configure:15440: gcc -o conftest -g -O2   conftest.c  >&5
configure:15440: $? = 0
configure:15446: result: yes
configure:15458: checking whether the variable length arrays are supported
configure:15471: gcc -c -g -O2  conftest.c >&5
configure:15471: $? = 0
configure:15476: result: yes
configure:15488: checking whether the visibility attribute is supported
configure:15511: result: yes
configure:15514: checking for broken visibility attribute
configure:15538: result: no
configure:15542: checking for broken alias attribute
configure:15568: result: no
configure:15572: checking if gcc supports -fvisibility=hidden
configure:15591: gcc -c -fvisibility=hidden  conftest.c >&5
configure:15591: $? = 0
configure:15598: result: yes
configure:15622: checking whether the GCC style aligned attribute is supported
configure:15632: gcc -c -g -O2 -fvisibility=hidden -Werror  conftest.c >&5
configure:15632: $? = 0
configure:15637: result: yes
configure:15649: checking whether the GCC style packed attribute is supported
configure:15664: gcc -c -g -O2 -fvisibility=hidden -Werror  conftest.c >&5
configure:15664: $? = 0
configure:15669: result: yes
configure:15681: checking whether the GCC style may_alias attribute is supported
configure:15692: gcc -c -g -O2 -fvisibility=hidden -Werror  conftest.c >&5
configure:15692: $? = 0
configure:15697: result: yes
configure:15714: checking whether 'asm' assembler keyword is supported
configure:15724: gcc -c -g -O2 -fvisibility=hidden  conftest.c >&5
configure:15724: $? = 0
configure:15729: result: yes
configure:15731: checking whether '__asm__' assembler keyword is supported
configure:15741: gcc -c -g -O2 -fvisibility=hidden  conftest.c >&5
configure:15741: $? = 0
configure:15746: result: yes
configure:15781: checking whether inline assembly memory barrier is supported
configure:15791: gcc -c -g -O2 -fvisibility=hidden  conftest.c >&5
configure:15791: $? = 0
configure:15796: result: yes
configure:15811: checking whether GCC assembler is compatible for ARM assembly implementations
configure:15832: gcc -c -g -O2 -fvisibility=hidden  conftest.c >&5
/tmp/ccgcr3IQ.s: Assembler messages:
/tmp/ccgcr3IQ.s:5: Error: unknown pseudo-op: `.syntax'
/tmp/ccgcr3IQ.s:6: Error: unknown pseudo-op: `.arm'
/tmp/ccgcr3IQ.s:8: Error: bad register name `%r0'
configure:15832: $? = 1
configure: failed program was:
| /* confdefs.h */
| #define PACKAGE_NAME "libgcrypt"
| #define PACKAGE_TARNAME "libgcrypt"
| #define PACKAGE_VERSION "1.8.6"
| #define PACKAGE_STRING "libgcrypt 1.8.6"
| #define PACKAGE_BUGREPORT "http://bugs.gnupg.org"
| #define PACKAGE_URL ""
| #define PACKAGE "libgcrypt"
| #define VERSION "1.8.6"
| #define PACKAGE "libgcrypt"
| #define VERSION "1.8.6"
| #define STDC_HEADERS 1
| #define HAVE_SYS_TYPES_H 1
| #define HAVE_SYS_STAT_H 1
| #define HAVE_STDLIB_H 1
| #define HAVE_STRING_H 1
| #define HAVE_MEMORY_H 1
| #define HAVE_STRINGS_H 1
| #define HAVE_INTTYPES_H 1
| #define HAVE_STDINT_H 1
| #define HAVE_UNISTD_H 1
| #define __EXTENSIONS__ 1
| #define _ALL_SOURCE 1
| #define _GNU_SOURCE 1
| #define _POSIX_PTHREAD_SEMANTICS 1
| #define _TANDEM_SOURCE 1
| #define HAVE_DLFCN_H 1
| #define LT_OBJDIR ".libs/"
| #define SIZEOF_UNSIGNED_SHORT 2
| #define SIZEOF_UNSIGNED_INT 4
| #define SIZEOF_UNSIGNED_LONG 8
| #define SIZEOF_UNSIGNED_LONG_LONG 8
| #define SIZEOF_VOID_P 8
| #define HAVE_UINTPTR_T 1
| #define SIZEOF_UINT64_T 8
| #define EGD_SOCKET_NAME ""
| #define PRINTABLE_OS_NAME "GNU/Linux"
| #define NAME_OF_DEV_RANDOM "/dev/random"
| #define NAME_OF_DEV_URANDOM "/dev/urandom"
| #define GPG_ERR_SOURCE_DEFAULT GPG_ERR_SOURCE_GCRYPT
| #define HAVE_PTHREAD 1 
| #define STDC_HEADERS 1
| #define HAVE_UNISTD_H 1
| #define HAVE_SYS_SELECT_H 1
| #define HAVE_SYS_MSG_H 1
| #define RETSIGTYPE void
| #define HAVE_DECL_SYS_SIGLIST 1
| #define HAVE_USHORT_TYPEDEF 1
| #define HAVE_ULONG_TYPEDEF 1
| #define HAVE_SYS_SOCKET_H 1
| #define HAVE_BUILTIN_BSWAP32 1
| #define HAVE_BUILTIN_BSWAP64 1
| #define HAVE_BUILTIN_CTZ 1
| #define HAVE_VLA 1
| #define GCRY_USE_VISIBILITY 1
| #define HAVE_GCC_ATTRIBUTE_ALIGNED 1
| #define HAVE_GCC_ATTRIBUTE_PACKED 1
| #define HAVE_GCC_ATTRIBUTE_MAY_ALIAS 1
| #define HAVE_GCC_ASM_VOLATILE_MEMORY 1
| /* end confdefs.h.  */
| __asm__(
|                 /* Test if assembler supports UAL syntax.  */
|                 ".syntax unified\n\t"
|                 ".arm\n\t" /* our assembly code is in ARM mode  */
|                 /* Following causes error if assembler ignored '.syntax unified'.  */
|                 "asmfunc:\n\t"
|                 "add %r0, %r0, %r4, ror #12;\n\t"
| 
|                 /* Test if '.type' and '.size' are supported.  */
|                 ".size asmfunc,.-asmfunc;\n\t"
|                 ".type asmfunc,%function;\n\t"
|             );
configure:15837: result: no
configure:15851: checking whether GCC assembler is compatible for ARMv8/Aarch64 assembly implementations
configure:15870: gcc -c -g -O2 -fvisibility=hidden  conftest.c >&5
/tmp/ccYOh3vU.s: Assembler messages:
/tmp/ccYOh3vU.s:6: Error: no such instruction: `eor x0,x0,x30,ror'
/tmp/ccYOh3vU.s:7: Error: too many memory references for `add'
/tmp/ccYOh3vU.s:8: Error: no such instruction: `eor v0.16b,v0.16b,v31.16b'
configure:15870: $? = 1
configure: failed program was:
| /* confdefs.h */
| #define PACKAGE_NAME "libgcrypt"
| #define PACKAGE_TARNAME "libgcrypt"
| #define PACKAGE_VERSION "1.8.6"
| #define PACKAGE_STRING "libgcrypt 1.8.6"
| #define PACKAGE_BUGREPORT "http://bugs.gnupg.org"
| #define PACKAGE_URL ""
| #define PACKAGE "libgcrypt"
| #define VERSION "1.8.6"
| #define PACKAGE "libgcrypt"
| #define VERSION "1.8.6"
| #define STDC_HEADERS 1
| #define HAVE_SYS_TYPES_H 1
| #define HAVE_SYS_STAT_H 1
| #define HAVE_STDLIB_H 1
| #define HAVE_STRING_H 1
| #define HAVE_MEMORY_H 1
| #define HAVE_STRINGS_H 1
| #define HAVE_INTTYPES_H 1
| #define HAVE_STDINT_H 1
| #define HAVE_UNISTD_H 1
| #define __EXTENSIONS__ 1
| #define _ALL_SOURCE 1
| #define _GNU_SOURCE 1
| #define _POSIX_PTHREAD_SEMANTICS 1
| #define _TANDEM_SOURCE 1
| #define HAVE_DLFCN_H 1
| #define LT_OBJDIR ".libs/"
| #define SIZEOF_UNSIGNED_SHORT 2
| #define SIZEOF_UNSIGNED_INT 4
| #define SIZEOF_UNSIGNED_LONG 8
| #define SIZEOF_UNSIGNED_LONG_LONG 8
| #define SIZEOF_VOID_P 8
| #define HAVE_UINTPTR_T 1
| #define SIZEOF_UINT64_T 8
| #define EGD_SOCKET_NAME ""
| #define PRINTABLE_OS_NAME "GNU/Linux"
| #define NAME_OF_DEV_RANDOM "/dev/random"
| #define NAME_OF_DEV_URANDOM "/dev/urandom"
| #define GPG_ERR_SOURCE_DEFAULT GPG_ERR_SOURCE_GCRYPT
| #define HAVE_PTHREAD 1 
| #define STDC_HEADERS 1
| #define HAVE_UNISTD_H 1
| #define HAVE_SYS_SELECT_H 1
| #define HAVE_SYS_MSG_H 1
| #define RETSIGTYPE void
| #define HAVE_DECL_SYS_SIGLIST 1
| #define HAVE_USHORT_TYPEDEF 1
| #define HAVE_ULONG_TYPEDEF 1
| #define HAVE_SYS_SOCKET_H 1
| #define HAVE_BUILTIN_BSWAP32 1
| #define HAVE_BUILTIN_BSWAP64 1
| #define HAVE_BUILTIN_CTZ 1
| #define HAVE_VLA 1
| #define GCRY_USE_VISIBILITY 1
| #define HAVE_GCC_ATTRIBUTE_ALIGNED 1
| #define HAVE_GCC_ATTRIBUTE_PACKED 1
| #define HAVE_GCC_ATTRIBUTE_MAY_ALIAS 1
| #define HAVE_GCC_ASM_VOLATILE_MEMORY 1
| /* end confdefs.h.  */
| __asm__(
|                 "asmfunc:\n\t"
|                 "eor x0, x0, x30, ror #12;\n\t"
|                 "add x0, x0, x30, asr #12;\n\t"
|                 "eor v0.16b, v0.16b, v31.16b;\n\t"
| 
|                 /* Test if '.type' and '.size' are supported.  */
|                 ".size asmfunc,.-asmfunc;\n\t"
|                 ".type asmfunc,@function;\n\t"
|             );
configure:15875: result: no
configure:15912: checking for _ prefix in compiled symbols
configure:15922: gcc -c -g -O2 -fvisibility=hidden  conftest.c >&5
configure:15925: $? = 0
configure:15929: /usr/bin/nm -B conftest.o \| sed -n -e 's/^.*[	 ]\([ABCDGIRSTW][ABCDGIRSTW]*\)[	 ][	 ]*\([_A-Za-z][_A-Za-z0-9]*\)$/\1 \2 \2/p' | sed '/ __gnu_lto/d' \| cut -d \' \' -f 2 \> conftest.nm
configure:15932: $? = 0
configure: cannot find nm_test_func in conftest.nm
configure:15959: result: no
configure:15982: checking architecture and mpi assembler functions
configure:15989: result: x86
configure:16180: checking whether compiler supports 'ms_abi' function attribute
configure:16190: gcc -c -g -O2 -fvisibility=hidden -Werror  conftest.c >&5
configure:16190: $? = 0
configure:16195: result: yes
configure:16207: checking whether compiler supports 'sysv_abi' function attribute
configure:16217: gcc -c -g -O2 -fvisibility=hidden -Werror  conftest.c >&5
configure:16217: $? = 0
configure:16222: result: yes
configure:16235: checking whether default calling convention is 'ms_abi'
configure:16251: gcc -c -g -O2 -fvisibility=hidden -Werror  conftest.c >&5
conftest.c: In function 'test':
conftest.c:67:29: error: assignment from incompatible pointer type [-Werror=incompatible-pointer-types]
                  msabi_func = def_func;
                             ^
cc1: all warnings being treated as errors
configure:16251: $? = 1
configure: failed program was:
| /* confdefs.h */
| #define PACKAGE_NAME "libgcrypt"
| #define PACKAGE_TARNAME "libgcrypt"
| #define PACKAGE_VERSION "1.8.6"
| #define PACKAGE_STRING "libgcrypt 1.8.6"
| #define PACKAGE_BUGREPORT "http://bugs.gnupg.org"
| #define PACKAGE_URL ""
| #define PACKAGE "libgcrypt"
| #define VERSION "1.8.6"
| #define PACKAGE "libgcrypt"
| #define VERSION "1.8.6"
| #define STDC_HEADERS 1
| #define HAVE_SYS_TYPES_H 1
| #define HAVE_SYS_STAT_H 1
| #define HAVE_STDLIB_H 1
| #define HAVE_STRING_H 1
| #define HAVE_MEMORY_H 1
| #define HAVE_STRINGS_H 1
| #define HAVE_INTTYPES_H 1
| #define HAVE_STDINT_H 1
| #define HAVE_UNISTD_H 1
| #define __EXTENSIONS__ 1
| #define _ALL_SOURCE 1
| #define _GNU_SOURCE 1
| #define _POSIX_PTHREAD_SEMANTICS 1
| #define _TANDEM_SOURCE 1
| #define HAVE_DLFCN_H 1
| #define LT_OBJDIR ".libs/"
| #define SIZEOF_UNSIGNED_SHORT 2
| #define SIZEOF_UNSIGNED_INT 4
| #define SIZEOF_UNSIGNED_LONG 8
| #define SIZEOF_UNSIGNED_LONG_LONG 8
| #define SIZEOF_VOID_P 8
| #define HAVE_UINTPTR_T 1
| #define SIZEOF_UINT64_T 8
| #define EGD_SOCKET_NAME ""
| #define PRINTABLE_OS_NAME "GNU/Linux"
| #define NAME_OF_DEV_RANDOM "/dev/random"
| #define NAME_OF_DEV_URANDOM "/dev/urandom"
| #define GPG_ERR_SOURCE_DEFAULT GPG_ERR_SOURCE_GCRYPT
| #define HAVE_PTHREAD 1 
| #define STDC_HEADERS 1
| #define HAVE_UNISTD_H 1
| #define HAVE_SYS_SELECT_H 1
| #define HAVE_SYS_MSG_H 1
| #define RETSIGTYPE void
| #define HAVE_DECL_SYS_SIGLIST 1
| #define HAVE_USHORT_TYPEDEF 1
| #define HAVE_ULONG_TYPEDEF 1
| #define HAVE_SYS_SOCKET_H 1
| #define HAVE_BUILTIN_BSWAP32 1
| #define HAVE_BUILTIN_BSWAP64 1
| #define HAVE_BUILTIN_CTZ 1
| #define HAVE_VLA 1
| #define GCRY_USE_VISIBILITY 1
| #define HAVE_GCC_ATTRIBUTE_ALIGNED 1
| #define HAVE_GCC_ATTRIBUTE_PACKED 1
| #define HAVE_GCC_ATTRIBUTE_MAY_ALIAS 1
| #define HAVE_GCC_ASM_VOLATILE_MEMORY 1
| #define HAVE_GCC_ATTRIBUTE_MS_ABI 1
| #define HAVE_GCC_ATTRIBUTE_SYSV_ABI 1
| /* end confdefs.h.  */
| void *test(void) {
|                  void *(*def_func)(void) = test;
|                  void *__attribute__((ms_abi))(*msabi_func)(void);
|                  /* warning on SysV abi targets, passes on Windows based targets */
|                  msabi_func = def_func;
|                  return msabi_func;
|              }
configure:16256: result: no
configure:16270: checking whether default calling convention is 'sysv_abi'
configure:16286: gcc -c -g -O2 -fvisibility=hidden -Werror  conftest.c >&5
configure:16286: $? = 0
configure:16291: result: yes
configure:16309: checking whether GCC inline assembler supports SSSE3 instructions
configure:16326: gcc -c -g -O2 -fvisibility=hidden  conftest.c >&5
configure:16326: $? = 0
configure:16332: result: yes
configure:16344: checking whether GCC inline assembler supports PCLMUL instructions
configure:16359: gcc -c -g -O2 -fvisibility=hidden  conftest.c >&5
configure:16359: $? = 0
configure:16365: result: yes
configure:16376: checking whether GCC inline assembler supports SSE4.1 instructions
configure:16392: gcc -c -g -O2 -fvisibility=hidden  conftest.c >&5
configure:16392: $? = 0
configure:16398: result: yes
configure:16410: checking whether GCC inline assembler supports AVX instructions
configure:16425: gcc -c -g -O2 -fvisibility=hidden  conftest.c >&5
configure:16425: $? = 0
configure:16431: result: yes
configure:16443: checking whether GCC inline assembler supports AVX2 instructions
configure:16458: gcc -c -g -O2 -fvisibility=hidden  conftest.c >&5
configure:16458: $? = 0
configure:16464: result: yes
configure:16476: checking whether GCC inline assembler supports BMI2 instructions
configure:16498: gcc -c -g -O2 -fvisibility=hidden  conftest.c >&5
configure:16498: $? = 0
configure:16504: result: yes
configure:16518: checking whether GCC assembler handles division correctly
configure:16528: gcc -c -g -O2 -fvisibility=hidden  conftest.c >&5
configure:16528: $? = 0
configure:16533: result: yes
configure:16571: checking whether GCC assembler is compatible for amd64 assembly implementations
configure:16595: gcc -c -g -O2 -fvisibility=hidden  conftest.c >&5
configure:16595: $? = 0
configure:16601: result: yes
configure:16645: checking whether GCC assembler is compatible for Intel syntax assembly implementations
configure:16676: gcc -c -g -O2 -fvisibility=hidden  conftest.c >&5
configure:16676: $? = 0
configure:16682: result: yes
configure:16694: checking whether compiler is configured for ARMv6 or newer architecture
configure:16727: result: n/a
configure:16739: checking whether GCC inline assembler supports NEON instructions
configure:16767: result: n/a
configure:16779: checking whether GCC inline assembler supports AArch32 Crypto Extension instructions
configure:16823: result: n/a
configure:16835: checking whether GCC inline assembler supports AArch64 NEON instructions
configure:16860: result: n/a
configure:16872: checking whether GCC inline assembler supports AArch64 Crypto Extension instructions
configure:16918: result: n/a
configure:16933: checking for vprintf
configure:16933: gcc -o conftest -g -O2 -fvisibility=hidden   conftest.c  >&5
conftest.c:95:6: warning: conflicting types for built-in function 'vprintf' [-Wbuiltin-declaration-mismatch]
 char vprintf ();
      ^~~~~~~
configure:16933: $? = 0
configure:16933: result: yes
configure:16939: checking for _doprnt
configure:16939: gcc -o conftest -g -O2 -fvisibility=hidden   conftest.c  >&5
/tmp/ccsaSDPd.o: In function `main':
/home/ubuntu/graphene/Examples/libgcrypt/libgcrypt-1.8.6/conftest.c:107: undefined reference to `_doprnt'
collect2: error: ld returned 1 exit status
configure:16939: $? = 1
configure: failed program was:
| /* confdefs.h */
| #define PACKAGE_NAME "libgcrypt"
| #define PACKAGE_TARNAME "libgcrypt"
| #define PACKAGE_VERSION "1.8.6"
| #define PACKAGE_STRING "libgcrypt 1.8.6"
| #define PACKAGE_BUGREPORT "http://bugs.gnupg.org"
| #define PACKAGE_URL ""
| #define PACKAGE "libgcrypt"
| #define VERSION "1.8.6"
| #define PACKAGE "libgcrypt"
| #define VERSION "1.8.6"
| #define STDC_HEADERS 1
| #define HAVE_SYS_TYPES_H 1
| #define HAVE_SYS_STAT_H 1
| #define HAVE_STDLIB_H 1
| #define HAVE_STRING_H 1
| #define HAVE_MEMORY_H 1
| #define HAVE_STRINGS_H 1
| #define HAVE_INTTYPES_H 1
| #define HAVE_STDINT_H 1
| #define HAVE_UNISTD_H 1
| #define __EXTENSIONS__ 1
| #define _ALL_SOURCE 1
| #define _GNU_SOURCE 1
| #define _POSIX_PTHREAD_SEMANTICS 1
| #define _TANDEM_SOURCE 1
| #define HAVE_DLFCN_H 1
| #define LT_OBJDIR ".libs/"
| #define SIZEOF_UNSIGNED_SHORT 2
| #define SIZEOF_UNSIGNED_INT 4
| #define SIZEOF_UNSIGNED_LONG 8
| #define SIZEOF_UNSIGNED_LONG_LONG 8
| #define SIZEOF_VOID_P 8
| #define HAVE_UINTPTR_T 1
| #define SIZEOF_UINT64_T 8
| #define EGD_SOCKET_NAME ""
| #define PRINTABLE_OS_NAME "GNU/Linux"
| #define NAME_OF_DEV_RANDOM "/dev/random"
| #define NAME_OF_DEV_URANDOM "/dev/urandom"
| #define GPG_ERR_SOURCE_DEFAULT GPG_ERR_SOURCE_GCRYPT
| #define HAVE_PTHREAD 1 
| #define STDC_HEADERS 1
| #define HAVE_UNISTD_H 1
| #define HAVE_SYS_SELECT_H 1
| #define HAVE_SYS_MSG_H 1
| #define RETSIGTYPE void
| #define HAVE_DECL_SYS_SIGLIST 1
| #define HAVE_USHORT_TYPEDEF 1
| #define HAVE_ULONG_TYPEDEF 1
| #define HAVE_SYS_SOCKET_H 1
| #define HAVE_BUILTIN_BSWAP32 1
| #define HAVE_BUILTIN_BSWAP64 1
| #define HAVE_BUILTIN_CTZ 1
| #define HAVE_VLA 1
| #define GCRY_USE_VISIBILITY 1
| #define HAVE_GCC_ATTRIBUTE_ALIGNED 1
| #define HAVE_GCC_ATTRIBUTE_PACKED 1
| #define HAVE_GCC_ATTRIBUTE_MAY_ALIAS 1
| #define HAVE_GCC_ASM_VOLATILE_MEMORY 1
| #define HAVE_GCC_ATTRIBUTE_MS_ABI 1
| #define HAVE_GCC_ATTRIBUTE_SYSV_ABI 1
| #define HAVE_GCC_DEFAULT_ABI_IS_SYSV_ABI 1
| #define HAVE_GCC_INLINE_ASM_SSSE3 1
| #define HAVE_GCC_INLINE_ASM_PCLMUL 1
| #define HAVE_GCC_INLINE_ASM_SSE41 1
| #define HAVE_GCC_INLINE_ASM_AVX 1
| #define HAVE_GCC_INLINE_ASM_AVX2 1
| #define HAVE_GCC_INLINE_ASM_BMI2 1
| #define HAVE_COMPATIBLE_GCC_AMD64_PLATFORM_AS 1
| #define HAVE_INTEL_SYNTAX_PLATFORM_AS 1
| #define HAVE_VPRINTF 1
| /* end confdefs.h.  */
| /* Define _doprnt to an innocuous variant, in case <limits.h> declares _doprnt.
|    For example, HP-UX 11i <limits.h> declares gettimeofday.  */
| #define _doprnt innocuous__doprnt
| 
| /* System header to define __stub macros and hopefully few prototypes,
|     which can conflict with char _doprnt (); below.
|     Prefer <limits.h> to <assert.h> if __STDC__ is defined, since
|     <limits.h> exists even on freestanding compilers.  */
| 
| #ifdef __STDC__
| # include <limits.h>
| #else
| # include <assert.h>
| #endif
| 
| #undef _doprnt
| 
| /* Override any GCC internal prototype to avoid an error.
|    Use char because int might match the return type of a GCC
|    builtin and then its argument prototype would still apply.  */
| #ifdef __cplusplus
| extern "C"
| #endif
| char _doprnt ();
| /* The GNU C library defines this for functions which it implements
|     to always fail with ENOSYS.  Some functions are actually named
|     something starting with __ and the normal name is an alias.  */
| #if defined __stub__doprnt || defined __stub____doprnt
| choke me
| #endif
| 
| int
| main ()
| {
| return _doprnt ();
|   ;
|   return 0;
| }
configure:16939: result: no
configure:16954: checking for stpcpy
configure:16954: gcc -o conftest -g -O2 -fvisibility=hidden   conftest.c  >&5
conftest.c:96:6: warning: conflicting types for built-in function 'stpcpy' [-Wbuiltin-declaration-mismatch]
 char stpcpy ();
      ^~~~~~
configure:16954: $? = 0
configure:16954: result: yes
configure:16954: checking for strcasecmp
configure:16954: gcc -o conftest -g -O2 -fvisibility=hidden   conftest.c  >&5
conftest.c:97:6: warning: conflicting types for built-in function 'strcasecmp' [-Wbuiltin-declaration-mismatch]
 char strcasecmp ();
      ^~~~~~~~~~
configure:16954: $? = 0
configure:16954: result: yes
configure:16967: checking for strtoul
configure:16967: gcc -o conftest -g -O2 -fvisibility=hidden   conftest.c  >&5
configure:16967: $? = 0
configure:16967: result: yes
configure:16967: checking for memmove
configure:16967: gcc -o conftest -g -O2 -fvisibility=hidden   conftest.c  >&5
conftest.c:99:6: warning: conflicting types for built-in function 'memmove' [-Wbuiltin-declaration-mismatch]
 char memmove ();
      ^~~~~~~
configure:16967: $? = 0
configure:16967: result: yes
configure:16967: checking for stricmp
configure:16967: gcc -o conftest -g -O2 -fvisibility=hidden   conftest.c  >&5
/tmp/ccPDPB6j.o: In function `main':
/home/ubuntu/graphene/Examples/libgcrypt/libgcrypt-1.8.6/conftest.c:111: undefined reference to `stricmp'
collect2: error: ld returned 1 exit status
configure:16967: $? = 1
configure: failed program was:
| /* confdefs.h */
| #define PACKAGE_NAME "libgcrypt"
| #define PACKAGE_TARNAME "libgcrypt"
| #define PACKAGE_VERSION "1.8.6"
| #define PACKAGE_STRING "libgcrypt 1.8.6"
| #define PACKAGE_BUGREPORT "http://bugs.gnupg.org"
| #define PACKAGE_URL ""
| #define PACKAGE "libgcrypt"
| #define VERSION "1.8.6"
| #define PACKAGE "libgcrypt"
| #define VERSION "1.8.6"
| #define STDC_HEADERS 1
| #define HAVE_SYS_TYPES_H 1
| #define HAVE_SYS_STAT_H 1
| #define HAVE_STDLIB_H 1
| #define HAVE_STRING_H 1
| #define HAVE_MEMORY_H 1
| #define HAVE_STRINGS_H 1
| #define HAVE_INTTYPES_H 1
| #define HAVE_STDINT_H 1
| #define HAVE_UNISTD_H 1
| #define __EXTENSIONS__ 1
| #define _ALL_SOURCE 1
| #define _GNU_SOURCE 1
| #define _POSIX_PTHREAD_SEMANTICS 1
| #define _TANDEM_SOURCE 1
| #define HAVE_DLFCN_H 1
| #define LT_OBJDIR ".libs/"
| #define SIZEOF_UNSIGNED_SHORT 2
| #define SIZEOF_UNSIGNED_INT 4
| #define SIZEOF_UNSIGNED_LONG 8
| #define SIZEOF_UNSIGNED_LONG_LONG 8
| #define SIZEOF_VOID_P 8
| #define HAVE_UINTPTR_T 1
| #define SIZEOF_UINT64_T 8
| #define EGD_SOCKET_NAME ""
| #define PRINTABLE_OS_NAME "GNU/Linux"
| #define NAME_OF_DEV_RANDOM "/dev/random"
| #define NAME_OF_DEV_URANDOM "/dev/urandom"
| #define GPG_ERR_SOURCE_DEFAULT GPG_ERR_SOURCE_GCRYPT
| #define HAVE_PTHREAD 1 
| #define STDC_HEADERS 1
| #define HAVE_UNISTD_H 1
| #define HAVE_SYS_SELECT_H 1
| #define HAVE_SYS_MSG_H 1
| #define RETSIGTYPE void
| #define HAVE_DECL_SYS_SIGLIST 1
| #define HAVE_USHORT_TYPEDEF 1
| #define HAVE_ULONG_TYPEDEF 1
| #define HAVE_SYS_SOCKET_H 1
| #define HAVE_BUILTIN_BSWAP32 1
| #define HAVE_BUILTIN_BSWAP64 1
| #define HAVE_BUILTIN_CTZ 1
| #define HAVE_VLA 1
| #define GCRY_USE_VISIBILITY 1
| #define HAVE_GCC_ATTRIBUTE_ALIGNED 1
| #define HAVE_GCC_ATTRIBUTE_PACKED 1
| #define HAVE_GCC_ATTRIBUTE_MAY_ALIAS 1
| #define HAVE_GCC_ASM_VOLATILE_MEMORY 1
| #define HAVE_GCC_ATTRIBUTE_MS_ABI 1
| #define HAVE_GCC_ATTRIBUTE_SYSV_ABI 1
| #define HAVE_GCC_DEFAULT_ABI_IS_SYSV_ABI 1
| #define HAVE_GCC_INLINE_ASM_SSSE3 1
| #define HAVE_GCC_INLINE_ASM_PCLMUL 1
| #define HAVE_GCC_INLINE_ASM_SSE41 1
| #define HAVE_GCC_INLINE_ASM_AVX 1
| #define HAVE_GCC_INLINE_ASM_AVX2 1
| #define HAVE_GCC_INLINE_ASM_BMI2 1
| #define HAVE_COMPATIBLE_GCC_AMD64_PLATFORM_AS 1
| #define HAVE_INTEL_SYNTAX_PLATFORM_AS 1
| #define HAVE_VPRINTF 1
| #define HAVE_STPCPY 1
| #define HAVE_STRCASECMP 1
| #define HAVE_STRTOUL 1
| #define HAVE_MEMMOVE 1
| /* end confdefs.h.  */
| /* Define stricmp to an innocuous variant, in case <limits.h> declares stricmp.
|    For example, HP-UX 11i <limits.h> declares gettimeofday.  */
| #define stricmp innocuous_stricmp
| 
| /* System header to define __stub macros and hopefully few prototypes,
|     which can conflict with char stricmp (); below.
|     Prefer <limits.h> to <assert.h> if __STDC__ is defined, since
|     <limits.h> exists even on freestanding compilers.  */
| 
| #ifdef __STDC__
| # include <limits.h>
| #else
| # include <assert.h>
| #endif
| 
| #undef stricmp
| 
| /* Override any GCC internal prototype to avoid an error.
|    Use char because int might match the return type of a GCC
|    builtin and then its argument prototype would still apply.  */
| #ifdef __cplusplus
| extern "C"
| #endif
| char stricmp ();
| /* The GNU C library defines this for functions which it implements
|     to always fail with ENOSYS.  Some functions are actually named
|     something starting with __ and the normal name is an alias.  */
| #if defined __stub_stricmp || defined __stub___stricmp
| choke me
| #endif
| 
| int
| main ()
| {
| return stricmp ();
|   ;
|   return 0;
| }
configure:16967: result: no
configure:16967: checking for atexit
configure:16967: gcc -o conftest -g -O2 -fvisibility=hidden   conftest.c  >&5
configure:16967: $? = 0
configure:16967: result: yes
configure:16967: checking for raise
configure:16967: gcc -o conftest -g -O2 -fvisibility=hidden   conftest.c  >&5
configure:16967: $? = 0
configure:16967: result: yes
configure:16980: checking for strerror
configure:16980: gcc -o conftest -g -O2 -fvisibility=hidden   conftest.c  >&5
configure:16980: $? = 0
configure:16980: result: yes
configure:16980: checking for rand
configure:16980: gcc -o conftest -g -O2 -fvisibility=hidden   conftest.c  >&5
configure:16980: $? = 0
configure:16980: result: yes
configure:16980: checking for mmap
configure:16980: gcc -o conftest -g -O2 -fvisibility=hidden   conftest.c  >&5
configure:16980: $? = 0
configure:16980: result: yes
configure:16980: checking for getpagesize
configure:16980: gcc -o conftest -g -O2 -fvisibility=hidden   conftest.c  >&5
configure:16980: $? = 0
configure:16980: result: yes
configure:16980: checking for sysconf
configure:16980: gcc -o conftest -g -O2 -fvisibility=hidden   conftest.c  >&5
configure:16980: $? = 0
configure:16980: result: yes
configure:16980: checking for waitpid
configure:16980: gcc -o conftest -g -O2 -fvisibility=hidden   conftest.c  >&5
configure:16980: $? = 0
configure:16980: result: yes
configure:16980: checking for wait4
configure:16980: gcc -o conftest -g -O2 -fvisibility=hidden   conftest.c  >&5
configure:16980: $? = 0
configure:16980: result: yes
configure:16992: checking for gettimeofday
configure:16992: gcc -o conftest -g -O2 -fvisibility=hidden   conftest.c  >&5
configure:16992: $? = 0
configure:16992: result: yes
configure:16992: checking for getrusage
configure:16992: gcc -o conftest -g -O2 -fvisibility=hidden   conftest.c  >&5
configure:16992: $? = 0
configure:16992: result: yes
configure:16992: checking for gethrtime
configure:16992: gcc -o conftest -g -O2 -fvisibility=hidden   conftest.c  >&5
/tmp/cce5MqmQ.o: In function `main':
/home/ubuntu/graphene/Examples/libgcrypt/libgcrypt-1.8.6/conftest.c:122: undefined reference to `gethrtime'
collect2: error: ld returned 1 exit status
configure:16992: $? = 1
configure: failed program was:
| /* confdefs.h */
| #define PACKAGE_NAME "libgcrypt"
| #define PACKAGE_TARNAME "libgcrypt"
| #define PACKAGE_VERSION "1.8.6"
| #define PACKAGE_STRING "libgcrypt 1.8.6"
| #define PACKAGE_BUGREPORT "http://bugs.gnupg.org"
| #define PACKAGE_URL ""
| #define PACKAGE "libgcrypt"
| #define VERSION "1.8.6"
| #define PACKAGE "libgcrypt"
| #define VERSION "1.8.6"
| #define STDC_HEADERS 1
| #define HAVE_SYS_TYPES_H 1
| #define HAVE_SYS_STAT_H 1
| #define HAVE_STDLIB_H 1
| #define HAVE_STRING_H 1
| #define HAVE_MEMORY_H 1
| #define HAVE_STRINGS_H 1
| #define HAVE_INTTYPES_H 1
| #define HAVE_STDINT_H 1
| #define HAVE_UNISTD_H 1
| #define __EXTENSIONS__ 1
| #define _ALL_SOURCE 1
| #define _GNU_SOURCE 1
| #define _POSIX_PTHREAD_SEMANTICS 1
| #define _TANDEM_SOURCE 1
| #define HAVE_DLFCN_H 1
| #define LT_OBJDIR ".libs/"
| #define SIZEOF_UNSIGNED_SHORT 2
| #define SIZEOF_UNSIGNED_INT 4
| #define SIZEOF_UNSIGNED_LONG 8
| #define SIZEOF_UNSIGNED_LONG_LONG 8
| #define SIZEOF_VOID_P 8
| #define HAVE_UINTPTR_T 1
| #define SIZEOF_UINT64_T 8
| #define EGD_SOCKET_NAME ""
| #define PRINTABLE_OS_NAME "GNU/Linux"
| #define NAME_OF_DEV_RANDOM "/dev/random"
| #define NAME_OF_DEV_URANDOM "/dev/urandom"
| #define GPG_ERR_SOURCE_DEFAULT GPG_ERR_SOURCE_GCRYPT
| #define HAVE_PTHREAD 1 
| #define STDC_HEADERS 1
| #define HAVE_UNISTD_H 1
| #define HAVE_SYS_SELECT_H 1
| #define HAVE_SYS_MSG_H 1
| #define RETSIGTYPE void
| #define HAVE_DECL_SYS_SIGLIST 1
| #define HAVE_USHORT_TYPEDEF 1
| #define HAVE_ULONG_TYPEDEF 1
| #define HAVE_SYS_SOCKET_H 1
| #define HAVE_BUILTIN_BSWAP32 1
| #define HAVE_BUILTIN_BSWAP64 1
| #define HAVE_BUILTIN_CTZ 1
| #define HAVE_VLA 1
| #define GCRY_USE_VISIBILITY 1
| #define HAVE_GCC_ATTRIBUTE_ALIGNED 1
| #define HAVE_GCC_ATTRIBUTE_PACKED 1
| #define HAVE_GCC_ATTRIBUTE_MAY_ALIAS 1
| #define HAVE_GCC_ASM_VOLATILE_MEMORY 1
| #define HAVE_GCC_ATTRIBUTE_MS_ABI 1
| #define HAVE_GCC_ATTRIBUTE_SYSV_ABI 1
| #define HAVE_GCC_DEFAULT_ABI_IS_SYSV_ABI 1
| #define HAVE_GCC_INLINE_ASM_SSSE3 1
| #define HAVE_GCC_INLINE_ASM_PCLMUL 1
| #define HAVE_GCC_INLINE_ASM_SSE41 1
| #define HAVE_GCC_INLINE_ASM_AVX 1
| #define HAVE_GCC_INLINE_ASM_AVX2 1
| #define HAVE_GCC_INLINE_ASM_BMI2 1
| #define HAVE_COMPATIBLE_GCC_AMD64_PLATFORM_AS 1
| #define HAVE_INTEL_SYNTAX_PLATFORM_AS 1
| #define HAVE_VPRINTF 1
| #define HAVE_STPCPY 1
| #define HAVE_STRCASECMP 1
| #define HAVE_STRTOUL 1
| #define HAVE_MEMMOVE 1
| #define HAVE_ATEXIT 1
| #define HAVE_RAISE 1
| #define HAVE_STRERROR 1
| #define HAVE_RAND 1
| #define HAVE_MMAP 1
| #define HAVE_GETPAGESIZE 1
| #define HAVE_SYSCONF 1
| #define HAVE_WAITPID 1
| #define HAVE_WAIT4 1
| #define HAVE_GETTIMEOFDAY 1
| #define HAVE_GETRUSAGE 1
| /* end confdefs.h.  */
| /* Define gethrtime to an innocuous variant, in case <limits.h> declares gethrtime.
|    For example, HP-UX 11i <limits.h> declares gettimeofday.  */
| #define gethrtime innocuous_gethrtime
| 
| /* System header to define __stub macros and hopefully few prototypes,
|     which can conflict with char gethrtime (); below.
|     Prefer <limits.h> to <assert.h> if __STDC__ is defined, since
|     <limits.h> exists even on freestanding compilers.  */
| 
| #ifdef __STDC__
| # include <limits.h>
| #else
| # include <assert.h>
| #endif
| 
| #undef gethrtime
| 
| /* Override any GCC internal prototype to avoid an error.
|    Use char because int might match the return type of a GCC
|    builtin and then its argument prototype would still apply.  */
| #ifdef __cplusplus
| extern "C"
| #endif
| char gethrtime ();
| /* The GNU C library defines this for functions which it implements
|     to always fail with ENOSYS.  Some functions are actually named
|     something starting with __ and the normal name is an alias.  */
| #if defined __stub_gethrtime || defined __stub___gethrtime
| choke me
| #endif
| 
| int
| main ()
| {
| return gethrtime ();
|   ;
|   return 0;
| }
configure:16992: result: no
configure:16992: checking for clock_gettime
configure:16992: gcc -o conftest -g -O2 -fvisibility=hidden   conftest.c  >&5
configure:16992: $? = 0
configure:16992: result: yes
configure:16992: checking for syslog
configure:16992: gcc -o conftest -g -O2 -fvisibility=hidden   conftest.c  >&5
configure:16992: $? = 0
configure:16992: result: yes
configure:17004: checking for syscall
configure:17004: gcc -o conftest -g -O2 -fvisibility=hidden   conftest.c  >&5
configure:17004: $? = 0
configure:17004: result: yes
configure:17004: checking for fcntl
configure:17004: gcc -o conftest -g -O2 -fvisibility=hidden   conftest.c  >&5
configure:17004: $? = 0
configure:17004: result: yes
configure:17004: checking for ftruncate
configure:17004: gcc -o conftest -g -O2 -fvisibility=hidden   conftest.c  >&5
configure:17004: $? = 0
configure:17004: result: yes
configure:17004: checking for flockfile
configure:17004: gcc -o conftest -g -O2 -fvisibility=hidden   conftest.c  >&5
configure:17004: $? = 0
configure:17004: result: yes
configure:17016: checking for mlock
configure:17016: gcc -o conftest -g -O2 -fvisibility=hidden   conftest.c  >&5
configure:17016: $? = 0
configure:17016: result: yes
configure:17140: checking for sysconf
configure:17140: result: yes
configure:17140: checking for getpagesize
configure:17140: result: yes
configure:17149: checking whether mlock is broken
configure:17199: gcc -o conftest -g -O2 -fvisibility=hidden   conftest.c  >&5
configure:17199: $? = 0
configure:17199: ./conftest
configure:17199: $? = 0
configure:17219: result: no
configure:17232: checking for getpid
configure:17232: gcc -o conftest -g -O2 -fvisibility=hidden   conftest.c  >&5
configure:17232: $? = 0
configure:17232: result: yes
configure:17245: checking for clock
configure:17245: gcc -o conftest -g -O2 -fvisibility=hidden   conftest.c  >&5
configure:17245: $? = 0
configure:17245: result: yes
configure:17423: checking for random device
configure:17431: result: yes
configure:17509: checking for cc features
configure:17513: checking if gcc supports -fno-delete-null-pointer-checks
configure:17528: gcc -c -fno-delete-null-pointer-checks  conftest.c >&5
configure:17528: $? = 0
configure:17534: result: yes
configure:17548: checking if gcc supports -Wno-missing-field-initializers
configure:17563: gcc -c -Wno-missing-field-initializers  conftest.c >&5
configure:17563: $? = 0
configure:17569: result: yes
configure:17580: checking if gcc supports -Wpointer-arith
configure:17595: gcc -c -Wpointer-arith  conftest.c >&5
configure:17595: $? = 0
configure:17601: result: yes
configure:17616: checking whether non excutable stack support is requested
configure:17625: result: yes
configure:17628: checking whether assembler supports --noexecstack option
configure:17638: gcc -g -O2 -fvisibility=hidden -fno-delete-null-pointer-checks -Wall -Wcast-align -Wshadow -Wstrict-prototypes -Wformat -Wno-format-y2k -Wformat-security -W -Wextra -Wbad-function-cast -Wwrite-strings -Wdeclaration-after-statement -Wno-missing-field-initializers -Wno-sign-compare -Wpointer-arith 
                     -S -o conftest.s conftest.c >/dev/null
conftest.c:1:6: warning: function declaration isn't a prototype [-Wstrict-prototypes]
 void foo() {}
      ^~~
configure:17641: $? = 0
configure:17646: gcc -g -O2  -Wa,--noexecstack
                       -c -o conftest.o conftest.s >/dev/null
configure:17649: $? = 0
configure:17658: result: yes
configure:18988: checking that generated files are newer than configure
configure:18994: result: done
configure:19126: creating ./config.status

## ---------------------- ##
## Running config.status. ##
## ---------------------- ##

This file was extended by libgcrypt config.status 1.8.6, which was
generated by GNU Autoconf 2.69.  Invocation command line was

  CONFIG_FILES    = 
  CONFIG_HEADERS  = 
  CONFIG_LINKS    = 
  CONFIG_COMMANDS = 
  $ ./config.status 

on ubuntu-host

config.status:1387: creating Makefile
config.status:1387: creating m4/Makefile
config.status:1387: creating compat/Makefile
config.status:1387: creating mpi/Makefile
config.status:1387: creating cipher/Makefile
config.status:1387: creating random/Makefile
config.status:1387: creating doc/Makefile
config.status:1387: creating src/Makefile
config.status:1387: creating src/gcrypt.h
config.status:1387: creating src/libgcrypt-config
config.status:1387: creating src/libgcrypt.pc
config.status:1387: creating src/versioninfo.rc
config.status:1387: creating tests/Makefile
config.status:1387: creating tests/hashtest-256g
config.status:1387: creating tests/basic-disable-all-hwf
config.status:1387: creating config.h
config.status:1628: linking mpi/amd64/mpih-add1.S to mpi/mpih-add1-asm.S
config.status:1628: linking mpi/amd64/mpih-sub1.S to mpi/mpih-sub1-asm.S
config.status:1628: linking mpi/amd64/mpih-mul1.S to mpi/mpih-mul1-asm.S
config.status:1628: linking mpi/amd64/mpih-mul2.S to mpi/mpih-mul2-asm.S
config.status:1628: linking mpi/amd64/mpih-mul3.S to mpi/mpih-mul3-asm.S
config.status:1628: linking mpi/amd64/mpih-lshift.S to mpi/mpih-lshift-asm.S
config.status:1628: linking mpi/amd64/mpih-rshift.S to mpi/mpih-rshift-asm.S
config.status:1628: linking mpi/amd64/mpi-asm-defs.h to mpi/mpi-asm-defs.h
config.status:1647: executing depfiles commands
config.status:1647: executing libtool commands
config.status:1647: executing gcrypt-conf commands

## ---------------- ##
## Cache variables. ##
## ---------------- ##

ac_cv_build=x86_64-pc-linux-gnu
ac_cv_c_bigendian=no
ac_cv_c_compiler_gnu=yes
ac_cv_c_const=yes
ac_cv_c_inline=inline
ac_cv_env_CCASFLAGS_set=
ac_cv_env_CCASFLAGS_value=
ac_cv_env_CCAS_set=
ac_cv_env_CCAS_value=
ac_cv_env_CC_FOR_BUILD_set=
ac_cv_env_CC_FOR_BUILD_value=
ac_cv_env_CC_set=
ac_cv_env_CC_value=
ac_cv_env_CFLAGS_set=
ac_cv_env_CFLAGS_value=
ac_cv_env_CPPFLAGS_set=
ac_cv_env_CPPFLAGS_value=
ac_cv_env_CPP_set=
ac_cv_env_CPP_value=
ac_cv_env_LDFLAGS_set=
ac_cv_env_LDFLAGS_value=
ac_cv_env_LIBS_set=
ac_cv_env_LIBS_value=
ac_cv_env_SYSROOT_set=
ac_cv_env_SYSROOT_value=
ac_cv_env_build_alias_set=
ac_cv_env_build_alias_value=
ac_cv_env_host_alias_set=
ac_cv_env_host_alias_value=
ac_cv_env_target_alias_set=
ac_cv_env_target_alias_value=
ac_cv_func__doprnt=no
ac_cv_func_atexit=yes
ac_cv_func_clock=yes
ac_cv_func_clock_gettime=yes
ac_cv_func_fcntl=yes
ac_cv_func_flockfile=yes
ac_cv_func_ftruncate=yes
ac_cv_func_gethrtime=no
ac_cv_func_getpagesize=yes
ac_cv_func_getpid=yes
ac_cv_func_getrusage=yes
ac_cv_func_gettimeofday=yes
ac_cv_func_memmove=yes
ac_cv_func_mlock=yes
ac_cv_func_mmap=yes
ac_cv_func_raise=yes
ac_cv_func_rand=yes
ac_cv_func_stpcpy=yes
ac_cv_func_strcasecmp=yes
ac_cv_func_strerror=yes
ac_cv_func_stricmp=no
ac_cv_func_strtoul=yes
ac_cv_func_syscall=yes
ac_cv_func_sysconf=yes
ac_cv_func_syslog=yes
ac_cv_func_vprintf=yes
ac_cv_func_wait4=yes
ac_cv_func_waitpid=yes
ac_cv_have_decl_sys_siglist=yes
ac_cv_have_dev_random=yes
ac_cv_header_dlfcn_h=yes
ac_cv_header_inttypes_h=yes
ac_cv_header_memory_h=yes
ac_cv_header_minix_config_h=no
ac_cv_header_stdc=yes
ac_cv_header_stdint_h=yes
ac_cv_header_stdlib_h=yes
ac_cv_header_string_h=yes
ac_cv_header_strings_h=yes
ac_cv_header_sys_msg_h=yes
ac_cv_header_sys_select_h=yes
ac_cv_header_sys_socket_h=yes
ac_cv_header_sys_stat_h=yes
ac_cv_header_sys_types_h=yes
ac_cv_header_unistd_h=yes
ac_cv_host=x86_64-pc-linux-gnu
ac_cv_lib_pthread_pthread_create=yes
ac_cv_mpi_sflags=
ac_cv_objext=o
ac_cv_path_EGREP='/bin/grep -E'
ac_cv_path_FGREP='/bin/grep -F'
ac_cv_path_GPG_ERROR_CONFIG=/usr/bin/gpg-error-config
ac_cv_path_GREP=/bin/grep
ac_cv_path_SED=/bin/sed
ac_cv_path_install='/usr/bin/install -c'
ac_cv_path_mkdir=/bin/mkdir
ac_cv_prog_AWK=gawk
ac_cv_prog_CPP='gcc -E'
ac_cv_prog_ac_ct_AR=ar
ac_cv_prog_ac_ct_CC=gcc
ac_cv_prog_ac_ct_MANIFEST_TOOL=mt
ac_cv_prog_ac_ct_OBJDUMP=objdump
ac_cv_prog_ac_ct_RANLIB=ranlib
ac_cv_prog_ac_ct_STRIP=strip
ac_cv_prog_cc_c89=
ac_cv_prog_cc_g=yes
ac_cv_prog_make_make_set=yes
ac_cv_safe_to_define___extensions__=yes
ac_cv_search_setsockopt='none required'
ac_cv_search_strerror='none required'
ac_cv_sizeof_uint64_t=8
ac_cv_sizeof_unsigned_int=4
ac_cv_sizeof_unsigned_long=8
ac_cv_sizeof_unsigned_long_long=8
ac_cv_sizeof_unsigned_short=2
ac_cv_sizeof_void_p=8
ac_cv_sys_symbol_underscore=no
ac_cv_type_pid_t=yes
ac_cv_type_signal=void
ac_cv_type_size_t=yes
ac_cv_type_socklen_t=yes
ac_cv_type_uintptr_t=yes
am_cv_CCAS_dependencies_compiler_type=gcc3
am_cv_CC_dependencies_compiler_type=gcc3
am_cv_make_support_nested_variables=yes
am_cv_prog_cc_c_o=yes
cl_cv_as_noexecstack=yes
gcry_cv_broken_alias_attribute=no
gcry_cv_broken_visibility_attribute=no
gcry_cv_cc_arm_arch_is_v6=n/a
gcry_cv_gcc_aarch64_platform_as_ok=no
gcry_cv_gcc_amd64_platform_as_ok=yes
gcry_cv_gcc_arm_platform_as_ok=no
gcry_cv_gcc_as_const_division_ok=yes
gcry_cv_gcc_attribute_aligned=yes
gcry_cv_gcc_attribute_may_alias=yes
gcry_cv_gcc_attribute_ms_abi=yes
gcry_cv_gcc_attribute_packed=yes
gcry_cv_gcc_attribute_sysv_abi=yes
gcry_cv_gcc_default_abi_is_ms_abi=no
gcry_cv_gcc_default_abi_is_sysv_abi=yes
gcry_cv_gcc_has_f_visibility=yes
gcry_cv_gcc_inline_asm_aarch32_crypto=n/a
gcry_cv_gcc_inline_asm_aarch64_crypto=n/a
gcry_cv_gcc_inline_asm_aarch64_neon=n/a
gcry_cv_gcc_inline_asm_avx2=yes
gcry_cv_gcc_inline_asm_avx=yes
gcry_cv_gcc_inline_asm_bmi2=yes
gcry_cv_gcc_inline_asm_neon=n/a
gcry_cv_gcc_inline_asm_pclmul=yes
gcry_cv_gcc_inline_asm_sse41=yes
gcry_cv_gcc_inline_asm_ssse3=yes
gcry_cv_gcc_platform_as_ok_for_intel_syntax=yes
gcry_cv_have___asm__=yes
gcry_cv_have_asm=yes
gcry_cv_have_asm_volatile_memory=yes
gcry_cv_have_builtin_bswap32=yes
gcry_cv_have_builtin_bswap64=yes
gcry_cv_have_builtin_ctz=yes
gcry_cv_have_vla=yes
gcry_cv_visibility_attribute=yes
gnupg_cv_have_broken_mlock=no
gnupg_cv_typedef_byte=no
gnupg_cv_typedef_u16=no
gnupg_cv_typedef_u32=no
gnupg_cv_typedef_ulong=yes
gnupg_cv_typedef_ushort=yes
gnupg_cv_uint64_c_works=yes
lt_cv_ar_at_file=@
lt_cv_archive_cmds_need_lc=no
lt_cv_deplibs_check_method=pass_all
lt_cv_file_magic_cmd='$MAGIC_CMD'
lt_cv_file_magic_test_file=
lt_cv_ld_reload_flag=-r
lt_cv_nm_interface='BSD nm'
lt_cv_objdir=.libs
lt_cv_path_LD=/usr/bin/ld
lt_cv_path_NM='/usr/bin/nm -B'
lt_cv_path_mainfest_tool=no
lt_cv_prog_compiler_c_o=yes
lt_cv_prog_compiler_c_o_RC=yes
lt_cv_prog_compiler_pic='-fPIC -DPIC'
lt_cv_prog_compiler_pic_works=yes
lt_cv_prog_compiler_rtti_exceptions=no
lt_cv_prog_compiler_static_works=yes
lt_cv_prog_gnu_ld=yes
lt_cv_sharedlib_from_linklib_cmd='printf %s\n'
lt_cv_shlibpath_overrides_runpath=yes
lt_cv_sys_global_symbol_pipe='sed -n -e '\''s/^.*[	 ]\([ABCDGIRSTW][ABCDGIRSTW]*\)[	 ][	 ]*\([_A-Za-z][_A-Za-z0-9]*\)$/\1 \2 \2/p'\'' | sed '\''/ __gnu_lto/d'\'''
lt_cv_sys_global_symbol_to_c_name_address='sed -n -e '\''s/^: \([^ ]*\)[ ]*$/  {\"\1\", (void *) 0},/p'\'' -e '\''s/^[ABCDGIRSTW]* \([^ ]*\) \([^ ]*\)$/  {"\2", (void *) \&\2},/p'\'''
lt_cv_sys_global_symbol_to_c_name_address_lib_prefix='sed -n -e '\''s/^: \([^ ]*\)[ ]*$/  {\"\1\", (void *) 0},/p'\'' -e '\''s/^[ABCDGIRSTW]* \([^ ]*\) \(lib[^ ]*\)$/  {"\2", (void *) \&\2},/p'\'' -e '\''s/^[ABCDGIRSTW]* \([^ ]*\) \([^ ]*\)$/  {"lib\2", (void *) \&\2},/p'\'''
lt_cv_sys_global_symbol_to_cdecl='sed -n -e '\''s/^T .* \(.*\)$/extern int \1();/p'\'' -e '\''s/^[ABCDGIRSTW]* .* \(.*\)$/extern char \1;/p'\'''
lt_cv_sys_max_cmd_len=1572864
lt_cv_to_host_file_cmd=func_convert_file_noop
lt_cv_to_tool_file_cmd=func_convert_file_noop

## ----------------- ##
## Output variables. ##
## ----------------- ##

ACLOCAL='${SHELL} /home/ubuntu/graphene/Examples/libgcrypt/libgcrypt-1.8.6/build-aux/missing aclocal-1.15'
AMDEPBACKSLASH='\'
AMDEP_FALSE='#'
AMDEP_TRUE=''
AMTAR='$${TAR-tar}'
AM_BACKSLASH='\'
AM_DEFAULT_V='$(AM_DEFAULT_VERBOSITY)'
AM_DEFAULT_VERBOSITY='1'
AM_V='$(V)'
AR='ar'
AS='as'
AUTOCONF='${SHELL} /home/ubuntu/graphene/Examples/libgcrypt/libgcrypt-1.8.6/build-aux/missing autoconf'
AUTOHEADER='${SHELL} /home/ubuntu/graphene/Examples/libgcrypt/libgcrypt-1.8.6/build-aux/missing autoheader'
AUTOMAKE='${SHELL} /home/ubuntu/graphene/Examples/libgcrypt/libgcrypt-1.8.6/build-aux/missing automake-1.15'
AWK='gawk'
BUILD_DOC_FALSE='#'
BUILD_DOC_TRUE=''
BUILD_FILEVERSION='1,8,6,32205'
BUILD_REVISION='7dcd825'
BUILD_TIMESTAMP='<none>'
CC='gcc'
CCAS='gcc'
CCASDEPMODE='depmode=gcc3'
CCASFLAGS='-g -O2'
CCDEPMODE='depmode=gcc3'
CC_FOR_BUILD='gcc'
CFLAGS='-g -O2 -fvisibility=hidden -fno-delete-null-pointer-checks -Wall -Wcast-align -Wshadow -Wstrict-prototypes -Wformat -Wno-format-y2k -Wformat-security -W -Wextra -Wbad-function-cast -Wwrite-strings -Wdeclaration-after-statement -Wno-missing-field-initializers -Wno-sign-compare -Wpointer-arith'
CPP='gcc -E'
CPPFLAGS=''
CROSS_COMPILING_FALSE=''
CROSS_COMPILING_TRUE='#'
CYGPATH_W='echo'
DEFS='-DHAVE_CONFIG_H'
DEPDIR='.deps'
DLLTOOL='false'
DL_LIBS=''
DSYMUTIL=''
DUMPBIN=''
ECHO_C=''
ECHO_N='-n'
ECHO_T=''
EGREP='/bin/grep -E'
ENABLE_O_FLAG_MUNGING_FALSE='#'
ENABLE_O_FLAG_MUNGING_TRUE=''
EXEEXT=''
FALLBACK_SOCKLEN_T='typedef socklen_t gcry_socklen_t;'
FGREP='/bin/grep -F'
GCRYPT_CIPHERS=' arcfour.lo arcfour-amd64.lo blowfish.lo blowfish-amd64.lo cast5.lo cast5-amd64.lo des.lo des-amd64.lo rijndael.lo rijndael-amd64.lo rijndael-ssse3-amd64.lo rijndael-ssse3-amd64-asm.lo rijndael-aesni.lo rijndael-padlock.lo twofish.lo twofish-amd64.lo twofish-avx2-amd64.lo serpent.lo serpent-sse2-amd64.lo serpent-avx2-amd64.lo rfc2268.lo seed.lo camellia.lo camellia-glue.lo camellia-aesni-avx-amd64.lo camellia-aesni-avx2-amd64.lo idea.lo salsa20.lo salsa20-amd64.lo gost28147.lo chacha20.lo chacha20-sse2-amd64.lo chacha20-ssse3-amd64.lo chacha20-avx2-amd64.lo poly1305-sse2-amd64.lo poly1305-avx2-amd64.lo'
GCRYPT_DIGESTS=' crc.lo crc-intel-pclmul.lo gostr3411-94.lo stribog.lo md4.lo md5.lo rmd160.lo sha256.lo sha256-ssse3-amd64.lo sha256-avx-amd64.lo sha256-avx2-bmi2-amd64.lo sha512.lo sha512-ssse3-amd64.lo sha512-avx-amd64.lo sha512-avx2-bmi2-amd64.lo keccak.lo tiger.lo whirlpool.lo whirlpool-sse2-amd64.lo blake2.lo sha1.lo sha1-ssse3-amd64.lo sha1-avx-amd64.lo sha1-avx-bmi2-amd64.lo'
GCRYPT_HWF_MODULES='hwf-x86.lo'
GCRYPT_KDFS=' scrypt.lo'
GCRYPT_PUBKEY_CIPHERS=' dsa.lo rsa.lo elgamal.lo                           ecc.lo ecc-curves.lo ecc-misc.lo                           ecc-ecdsa.lo ecc-eddsa.lo ecc-gost.lo'
GCRYPT_RANDOM=' rndlinux.lo'
GPG_ERROR_CFLAGS=''
GPG_ERROR_CONFIG='/usr/bin/gpg-error-config'
GPG_ERROR_LIBS='-L/usr/lib/x86_64-linux-gnu -lgpg-error'
GPG_ERROR_MT_CFLAGS=''
GPG_ERROR_MT_LIBS='-L/usr/lib/x86_64-linux-gnu -lgpg-error -pthread'
GREP='/bin/grep'
HAVE_LD_VERSION_SCRIPT_FALSE='#'
HAVE_LD_VERSION_SCRIPT_TRUE=''
HAVE_W32CE_SYSTEM_FALSE=''
HAVE_W32CE_SYSTEM_TRUE='#'
HAVE_W32_SYSTEM_FALSE=''
HAVE_W32_SYSTEM_TRUE='#'
INSERT_SYS_SELECT_H=' include <sys/select.h>'
INSTALL_DATA='${INSTALL} -m 644'
INSTALL_PROGRAM='${INSTALL}'
INSTALL_SCRIPT='${INSTALL}'
INSTALL_STRIP_PROGRAM='$(install_sh) -c -s'
LD='/usr/bin/ld -m elf_x86_64'
LDFLAGS=''
LIBGCRYPT_CIPHERS='arcfour blowfish cast5 des aes twofish serpent rfc2268 seed camellia idea salsa20 gost28147 chacha20'
LIBGCRYPT_CONFIG_API_VERSION='1'
LIBGCRYPT_CONFIG_CFLAGS=''
LIBGCRYPT_CONFIG_HOST='x86_64-pc-linux-gnu'
LIBGCRYPT_CONFIG_LIBS='-lgcrypt'
LIBGCRYPT_DIGESTS='crc gostr3411-94  md4 md5 rmd160 sha1 sha256 sha512 sha3 tiger whirlpool stribog blake2'
LIBGCRYPT_LT_AGE='2'
LIBGCRYPT_LT_CURRENT='22'
LIBGCRYPT_LT_REVISION='6'
LIBGCRYPT_PUBKEY_CIPHERS='dsa elgamal rsa ecc'
LIBGCRYPT_THREAD_MODULES=''
LIBOBJS=''
LIBS=''
LIBTOOL='$(SHELL) $(top_builddir)/libtool'
LIPO=''
LN_S='ln -s'
LTLIBOBJS=''
MAINT=''
MAINTAINER_MODE_FALSE='#'
MAINTAINER_MODE_TRUE=''
MAKEINFO='${SHELL} /home/ubuntu/graphene/Examples/libgcrypt/libgcrypt-1.8.6/build-aux/missing makeinfo'
MANIFEST_TOOL=':'
MKDIR_P='/bin/mkdir -p'
MPI_MOD_ASM_MPIH_ADD1_FALSE='#'
MPI_MOD_ASM_MPIH_ADD1_TRUE=''
MPI_MOD_ASM_MPIH_LSHIFT_FALSE='#'
MPI_MOD_ASM_MPIH_LSHIFT_TRUE=''
MPI_MOD_ASM_MPIH_MUL1_FALSE='#'
MPI_MOD_ASM_MPIH_MUL1_TRUE=''
MPI_MOD_ASM_MPIH_MUL2_FALSE='#'
MPI_MOD_ASM_MPIH_MUL2_TRUE=''
MPI_MOD_ASM_MPIH_MUL3_FALSE='#'
MPI_MOD_ASM_MPIH_MUL3_TRUE=''
MPI_MOD_ASM_MPIH_RSHIFT_FALSE='#'
MPI_MOD_ASM_MPIH_RSHIFT_TRUE=''
MPI_MOD_ASM_MPIH_SUB1_FALSE='#'
MPI_MOD_ASM_MPIH_SUB1_TRUE=''
MPI_MOD_ASM_UDIV_FALSE=''
MPI_MOD_ASM_UDIV_QRNND_FALSE=''
MPI_MOD_ASM_UDIV_QRNND_TRUE='#'
MPI_MOD_ASM_UDIV_TRUE='#'
MPI_MOD_C_MPIH_ADD1_FALSE=''
MPI_MOD_C_MPIH_ADD1_TRUE='#'
MPI_MOD_C_MPIH_LSHIFT_FALSE=''
MPI_MOD_C_MPIH_LSHIFT_TRUE='#'
MPI_MOD_C_MPIH_MUL1_FALSE=''
MPI_MOD_C_MPIH_MUL1_TRUE='#'
MPI_MOD_C_MPIH_MUL2_FALSE=''
MPI_MOD_C_MPIH_MUL2_TRUE='#'
MPI_MOD_C_MPIH_MUL3_FALSE=''
MPI_MOD_C_MPIH_MUL3_TRUE='#'
MPI_MOD_C_MPIH_RSHIFT_FALSE=''
MPI_MOD_C_MPIH_RSHIFT_TRUE='#'
MPI_MOD_C_MPIH_SUB1_FALSE=''
MPI_MOD_C_MPIH_SUB1_TRUE='#'
MPI_MOD_C_UDIV_FALSE=''
MPI_MOD_C_UDIV_QRNND_FALSE=''
MPI_MOD_C_UDIV_QRNND_TRUE='#'
MPI_MOD_C_UDIV_TRUE='#'
MPI_SFLAGS=''
NM='/usr/bin/nm -B'
NMEDIT=''
NOEXECSTACK_FLAGS='-Wa,--noexecstack'
OBJDUMP='objdump'
OBJEXT='o'
OTOOL64=''
OTOOL=''
PACKAGE='libgcrypt'
PACKAGE_BUGREPORT='http://bugs.gnupg.org'
PACKAGE_NAME='libgcrypt'
PACKAGE_STRING='libgcrypt 1.8.6'
PACKAGE_TARNAME='libgcrypt'
PACKAGE_URL=''
PACKAGE_VERSION='1.8.6'
PATH_SEPARATOR=':'
PTH_CFLAGS=''
PTH_CONFIG=''
PTH_LIBS=''
RANLIB='ranlib'
RC=''
RUN_LARGE_DATA_TESTS='no'
SED='/bin/sed'
SET_MAKE=''
SHELL='/bin/bash'
STRIP='strip'
SYSROOT=''
SYS_SOCKET_H=''
USE_RANDOM_DAEMON_FALSE=''
USE_RANDOM_DAEMON_TRUE='#'
VERSION='1.8.6'
VERSION_NUMBER='0x010806'
ac_ct_AR='ar'
ac_ct_CC='gcc'
ac_ct_DUMPBIN=''
am__EXEEXT_FALSE=''
am__EXEEXT_TRUE='#'
am__fastdepCCAS_FALSE='#'
am__fastdepCCAS_TRUE=''
am__fastdepCC_FALSE='#'
am__fastdepCC_TRUE=''
am__include='include'
am__isrc=''
am__leading_dot='.'
am__nodep='_no'
am__quote=''
am__tar='$${TAR-tar} chof - "$$tardir"'
am__untar='$${TAR-tar} xf -'
bindir='${exec_prefix}/bin'
build='x86_64-pc-linux-gnu'
build_alias=''
build_cpu='x86_64'
build_os='linux-gnu'
build_vendor='pc'
datadir='${datarootdir}'
datarootdir='${prefix}/share'
docdir='${datarootdir}/doc/${PACKAGE_TARNAME}'
dvidir='${docdir}'
emacs_local_vars_begin='Local Variables:'
emacs_local_vars_end='End:'
emacs_local_vars_read_only='buffer-read-only: t'
exec_prefix='${prefix}'
host='x86_64-pc-linux-gnu'
host_alias=''
host_cpu='x86_64'
host_os='linux-gnu'
host_vendor='pc'
htmldir='${docdir}'
includedir='${prefix}/include'
infodir='${datarootdir}/info'
install_sh='${SHELL} /home/ubuntu/graphene/Examples/libgcrypt/libgcrypt-1.8.6/build-aux/install-sh'
libdir='${exec_prefix}/lib'
libexecdir='${exec_prefix}/libexec'
localedir='${datarootdir}/locale'
localstatedir='${prefix}/var'
mandir='${datarootdir}/man'
mkdir_p='$(MKDIR_P)'
oldincludedir='/usr/include'
pdfdir='${docdir}'
prefix='/usr/local'
program_transform_name='s,x,x,'
psdir='${docdir}'
runstatedir='${localstatedir}/run'
sbindir='${exec_prefix}/sbin'
sharedstatedir='${prefix}/com'
sysconfdir='${prefix}/etc'
target_alias=''

## ----------- ##
## confdefs.h. ##
## ----------- ##

/* confdefs.h */
#define PACKAGE_NAME "libgcrypt"
#define PACKAGE_TARNAME "libgcrypt"
#define PACKAGE_VERSION "1.8.6"
#define PACKAGE_STRING "libgcrypt 1.8.6"
#define PACKAGE_BUGREPORT "http://bugs.gnupg.org"
#define PACKAGE_URL ""
#define PACKAGE "libgcrypt"
#define VERSION "1.8.6"
#define PACKAGE "libgcrypt"
#define VERSION "1.8.6"
#define STDC_HEADERS 1
#define HAVE_SYS_TYPES_H 1
#define HAVE_SYS_STAT_H 1
#define HAVE_STDLIB_H 1
#define HAVE_STRING_H 1
#define HAVE_MEMORY_H 1
#define HAVE_STRINGS_H 1
#define HAVE_INTTYPES_H 1
#define HAVE_STDINT_H 1
#define HAVE_UNISTD_H 1
#define __EXTENSIONS__ 1
#define _ALL_SOURCE 1
#define _GNU_SOURCE 1
#define _POSIX_PTHREAD_SEMANTICS 1
#define _TANDEM_SOURCE 1
#define HAVE_DLFCN_H 1
#define LT_OBJDIR ".libs/"
#define SIZEOF_UNSIGNED_SHORT 2
#define SIZEOF_UNSIGNED_INT 4
#define SIZEOF_UNSIGNED_LONG 8
#define SIZEOF_UNSIGNED_LONG_LONG 8
#define SIZEOF_VOID_P 8
#define HAVE_UINTPTR_T 1
#define SIZEOF_UINT64_T 8
#define EGD_SOCKET_NAME ""
#define PRINTABLE_OS_NAME "GNU/Linux"
#define NAME_OF_DEV_RANDOM "/dev/random"
#define NAME_OF_DEV_URANDOM "/dev/urandom"
#define GPG_ERR_SOURCE_DEFAULT GPG_ERR_SOURCE_GCRYPT
#define HAVE_PTHREAD 1 
#define STDC_HEADERS 1
#define HAVE_UNISTD_H 1
#define HAVE_SYS_SELECT_H 1
#define HAVE_SYS_MSG_H 1
#define RETSIGTYPE void
#define HAVE_DECL_SYS_SIGLIST 1
#define HAVE_USHORT_TYPEDEF 1
#define HAVE_ULONG_TYPEDEF 1
#define HAVE_SYS_SOCKET_H 1
#define HAVE_BUILTIN_BSWAP32 1
#define HAVE_BUILTIN_BSWAP64 1
#define HAVE_BUILTIN_CTZ 1
#define HAVE_VLA 1
#define GCRY_USE_VISIBILITY 1
#define HAVE_GCC_ATTRIBUTE_ALIGNED 1
#define HAVE_GCC_ATTRIBUTE_PACKED 1
#define HAVE_GCC_ATTRIBUTE_MAY_ALIAS 1
#define HAVE_GCC_ASM_VOLATILE_MEMORY 1
#define HAVE_GCC_ATTRIBUTE_MS_ABI 1
#define HAVE_GCC_ATTRIBUTE_SYSV_ABI 1
#define HAVE_GCC_DEFAULT_ABI_IS_SYSV_ABI 1
#define HAVE_GCC_INLINE_ASM_SSSE3 1
#define HAVE_GCC_INLINE_ASM_PCLMUL 1
#define HAVE_GCC_INLINE_ASM_SSE41 1
#define HAVE_GCC_INLINE_ASM_AVX 1
#define HAVE_GCC_INLINE_ASM_AVX2 1
#define HAVE_GCC_INLINE_ASM_BMI2 1
#define HAVE_COMPATIBLE_GCC_AMD64_PLATFORM_AS 1
#define HAVE_INTEL_SYNTAX_PLATFORM_AS 1
#define HAVE_VPRINTF 1
#define HAVE_STPCPY 1
#define HAVE_STRCASECMP 1
#define HAVE_STRTOUL 1
#define HAVE_MEMMOVE 1
#define HAVE_ATEXIT 1
#define HAVE_RAISE 1
#define HAVE_STRERROR 1
#define HAVE_RAND 1
#define HAVE_MMAP 1
#define HAVE_GETPAGESIZE 1
#define HAVE_SYSCONF 1
#define HAVE_WAITPID 1
#define HAVE_WAIT4 1
#define HAVE_GETTIMEOFDAY 1
#define HAVE_GETRUSAGE 1
#define HAVE_CLOCK_GETTIME 1
#define HAVE_SYSLOG 1
#define HAVE_SYSCALL 1
#define HAVE_FCNTL 1
#define HAVE_FTRUNCATE 1
#define HAVE_FLOCKFILE 1
#define HAVE_MLOCK 1
#define HAVE_SYSCONF 1
#define HAVE_GETPAGESIZE 1
#define HAVE_GETPID 1
#define HAVE_CLOCK 1
#define HAVE_DEV_RANDOM 1
#define ENABLE_AESNI_SUPPORT 1
#define ENABLE_PCLMUL_SUPPORT 1
#define ENABLE_SSE41_SUPPORT 1
#define ENABLE_AVX_SUPPORT 1
#define ENABLE_AVX2_SUPPORT 1
#define ENABLE_JENT_SUPPORT 1
#define ENABLE_PADLOCK_SUPPORT 1
#define ENABLE_DRNG_SUPPORT 1
#define USE_ARCFOUR 1
#define USE_BLOWFISH 1
#define USE_CAST5 1
#define USE_DES 1
#define USE_AES 1
#define USE_TWOFISH 1
#define USE_SERPENT 1
#define USE_RFC2268 1
#define USE_SEED 1
#define USE_CAMELLIA 1
#define USE_IDEA 1
#define USE_SALSA20 1
#define USE_GOST28147 1
#define USE_CHACHA20 1
#define USE_DSA 1
#define USE_RSA 1
#define USE_ELGAMAL 1
#define USE_ECC 1
#define USE_CRC 1
#define USE_GOST_R_3411_94 1
#define USE_GOST_R_3411_12 1
#define USE_MD4 1
#define USE_MD5 1
#define USE_RMD160 1
#define USE_SHA256 1
#define USE_SHA512 1
#define USE_SHA3 1
#define USE_TIGER 1
#define USE_WHIRLPOOL 1
#define USE_BLAKE2 1
#define USE_SHA1 1
#define USE_SCRYPT 1
#define USE_RNDLINUX 1
#define LIBGCRYPT_CIPHERS "arcfour:blowfish:cast5:des:aes:twofish:serpent:rfc2268:seed:camellia:idea:salsa20:gost28147:chacha20"
#define LIBGCRYPT_PUBKEY_CIPHERS "dsa:elgamal:rsa:ecc"
#define LIBGCRYPT_DIGESTS "crc:gostr3411-94::md4:md5:rmd160:sha1:sha256:sha512:sha3:tiger:whirlpool:stribog:blake2"
#define LIBGCRYPT_KDFS "s2k:pkdf2:scrypt"
#define HAVE_CPU_ARCH_X86 1
#define BUILD_REVISION "7dcd825"
#define BUILD_TIMESTAMP "<none>"

configure: exit 0

## ---------------------- ##
## Running config.status. ##
## ---------------------- ##

This file was extended by libgcrypt config.status 1.8.6, which was
generated by GNU Autoconf 2.69.  Invocation command line was

  CONFIG_FILES    = 
  CONFIG_HEADERS  = 
  CONFIG_LINKS    = 
  CONFIG_COMMANDS = 
  $ ./config.status config.h

on ubuntu-host

config.status:1387: creating config.h
config.status:1568: config.h is unchanged
