This file contains any messages produced by compilers while
running configure, to aid debugging if configure makes a mistake.

It was created by FreeType configure 2.5.3, which was
generated by GNU Autoconf 2.69.  Invocation command line was

  $ ./configure 

## --------- ##
## Platform. ##
## --------- ##

hostname = ubuntu-host
uname -m = x86_64
uname -r = 4.15.0-109-generic
uname -s = Linux
uname -v = #110-Ubuntu SMP Tue Jun 23 02:39:32 UTC 2020

/usr/bin/uname -p = unknown
/bin/uname -X     = unknown

/bin/arch              = unknown
/usr/bin/arch -k       = unknown
/usr/convex/getsysinfo = unknown
/usr/bin/hostinfo      = unknown
/bin/machine           = unknown
/usr/bin/oslevel       = unknown
/bin/universe          = unknown

PATH: /home/ubuntu/.local/bin
PATH: /usr/local/sbin
PATH: /usr/local/bin
PATH: /usr/sbin
PATH: /usr/bin
PATH: /sbin
PATH: /bin
PATH: /usr/games
PATH: /usr/local/games
PATH: /snap/bin


## ----------- ##
## Core tests. ##
## ----------- ##

configure:2550: checking build system type
configure:2564: result: x86_64-pc-linux-gnu
configure:2584: checking host system type
configure:2597: result: x86_64-pc-linux-gnu
configure:2669: checking for gcc
configure:2685: found /usr/bin/gcc
configure:2696: result: gcc
configure:2925: checking for C compiler version
configure:2934: gcc --version >&5
gcc (Ubuntu 7.5.0-3ubuntu1~18.04) 7.5.0
Copyright (C) 2017 Free Software Foundation, Inc.
This is free software; see the source for copying conditions.  There is NO
warranty; not even for MERCHANTABILITY or FITNESS FOR A PARTICULAR PURPOSE.

configure:2945: $? = 0
configure:2934: gcc -v >&5
Using built-in specs.
COLLECT_GCC=gcc
COLLECT_LTO_WRAPPER=/usr/lib/gcc/x86_64-linux-gnu/7/lto-wrapper
OFFLOAD_TARGET_NAMES=nvptx-none
OFFLOAD_TARGET_DEFAULT=1
Target: x86_64-linux-gnu
Configured with: ../src/configure -v --with-pkgversion='Ubuntu 7.5.0-3ubuntu1~18.04' --with-bugurl=file:///usr/share/doc/gcc-7/README.Bugs --enable-languages=c,ada,c++,go,brig,d,fortran,objc,obj-c++ --prefix=/usr --with-gcc-major-version-only --program-suffix=-7 --program-prefix=x86_64-linux-gnu- --enable-shared --enable-linker-build-id --libexecdir=/usr/lib --without-included-gettext --enable-threads=posix --libdir=/usr/lib --enable-nls --enable-bootstrap --enable-clocale=gnu --enable-libstdcxx-debug --enable-libstdcxx-time=yes --with-default-libstdcxx-abi=new --enable-gnu-unique-object --disable-vtable-verify --enable-libmpx --enable-plugin --enable-default-pie --with-system-zlib --with-target-system-zlib --enable-objc-gc=auto --enable-multiarch --disable-werror --with-arch-32=i686 --with-abi=m64 --with-multilib-list=m32,m64,mx32 --enable-multilib --with-tune=generic --enable-offload-targets=nvptx-none --without-cuda-driver --enable-checking=release --build=x86_64-linux-gnu --host=x86_64-linux-gnu --target=x86_64-linux-gnu
Thread model: posix
gcc version 7.5.0 (Ubuntu 7.5.0-3ubuntu1~18.04) 
configure:2945: $? = 0
configure:2934: gcc -V >&5
gcc: error: unrecognized command line option '-V'
gcc: fatal error: no input files
compilation terminated.
configure:2945: $? = 1
configure:2934: gcc -qversion >&5
gcc: error: unrecognized command line option '-qversion'; did you mean '--version'?
gcc: fatal error: no input files
compilation terminated.
configure:2945: $? = 1
configure:2965: checking whether the C compiler works
configure:2987: gcc    conftest.c  >&5
configure:2991: $? = 0
configure:3039: result: yes
configure:3042: checking for C compiler default output file name
configure:3044: result: a.out
configure:3050: checking for suffix of executables
configure:3057: gcc -o conftest    conftest.c  >&5
configure:3061: $? = 0
configure:3083: result: 
configure:3105: checking whether we are cross compiling
configure:3113: gcc -o conftest    conftest.c  >&5
configure:3117: $? = 0
configure:3124: ./conftest
configure:3128: $? = 0
configure:3143: result: no
configure:3148: checking for suffix of object files
configure:3170: gcc -c   conftest.c >&5
configure:3174: $? = 0
configure:3195: result: o
configure:3199: checking whether we are using the GNU C compiler
configure:3218: gcc -c   conftest.c >&5
configure:3218: $? = 0
configure:3227: result: yes
configure:3236: checking whether gcc accepts -g
configure:3256: gcc -c -g  conftest.c >&5
configure:3256: $? = 0
configure:3297: result: yes
configure:3314: checking for gcc option to accept ISO C89
configure:3377: gcc  -c -g -O2  conftest.c >&5
configure:3377: $? = 0
configure:3390: result: none needed
configure:3415: checking how to run the C preprocessor
configure:3446: gcc -E  conftest.c
configure:3446: $? = 0
configure:3460: gcc -E  conftest.c
conftest.c:9:10: fatal error: ac_nonexistent.h: No such file or directory
 #include <ac_nonexistent.h>
          ^~~~~~~~~~~~~~~~~~
compilation terminated.
configure:3460: $? = 1
configure: failed program was:
| /* confdefs.h */
| #define PACKAGE_NAME "FreeType"
| #define PACKAGE_TARNAME "freetype"
| #define PACKAGE_VERSION "2.5.3"
| #define PACKAGE_STRING "FreeType 2.5.3"
| #define PACKAGE_BUGREPORT "freetype@nongnu.org"
| #define PACKAGE_URL ""
| /* end confdefs.h.  */
| #include <ac_nonexistent.h>
configure:3485: result: gcc -E
configure:3505: gcc -E  conftest.c
configure:3505: $? = 0
configure:3519: gcc -E  conftest.c
conftest.c:9:10: fatal error: ac_nonexistent.h: No such file or directory
 #include <ac_nonexistent.h>
          ^~~~~~~~~~~~~~~~~~
compilation terminated.
configure:3519: $? = 1
configure: failed program was:
| /* confdefs.h */
| #define PACKAGE_NAME "FreeType"
| #define PACKAGE_TARNAME "freetype"
| #define PACKAGE_VERSION "2.5.3"
| #define PACKAGE_STRING "FreeType 2.5.3"
| #define PACKAGE_BUGREPORT "freetype@nongnu.org"
| #define PACKAGE_URL ""
| /* end confdefs.h.  */
| #include <ac_nonexistent.h>
configure:3603: checking for pkg-config
configure:3636: result: no
configure:3716: checking how to print strings
configure:3743: result: printf
configure:3764: checking for a sed that does not truncate output
configure:3828: result: /bin/sed
configure:3846: checking for grep that handles long lines and -e
configure:3904: result: /bin/grep
configure:3909: checking for egrep
configure:3971: result: /bin/grep -E
configure:3976: checking for fgrep
configure:4038: result: /bin/grep -F
configure:4073: checking for ld used by gcc
configure:4140: result: /usr/bin/ld
configure:4147: checking if the linker (/usr/bin/ld) is GNU ld
configure:4162: result: yes
configure:4174: checking for BSD- or MS-compatible name lister (nm)
configure:4228: result: /usr/bin/nm -B
configure:4358: checking the name lister (/usr/bin/nm -B) interface
configure:4365: gcc -c -g -O2  conftest.c >&5
configure:4368: /usr/bin/nm -B "conftest.o"
configure:4371: output
0000000000000000 B some_variable
configure:4378: result: BSD nm
configure:4381: checking whether ln -s works
configure:4385: result: yes
configure:4393: checking the maximum length of command line arguments
configure:4524: result: 1572864
configure:4572: checking how to convert x86_64-pc-linux-gnu file names to x86_64-pc-linux-gnu format
configure:4612: result: func_convert_file_noop
configure:4619: checking how to convert x86_64-pc-linux-gnu file names to toolchain format
configure:4639: result: func_convert_file_noop
configure:4646: checking for /usr/bin/ld option to reload object files
configure:4653: result: -r
configure:4727: checking for objdump
configure:4743: found /usr/bin/objdump
configure:4754: result: objdump
configure:4783: checking how to recognize dependent libraries
configure:4983: result: pass_all
configure:5068: checking for dlltool
configure:5098: result: no
configure:5125: checking how to associate runtime and link libraries
configure:5152: result: printf %s\n
configure:5213: checking for ar
configure:5229: found /usr/bin/ar
configure:5240: result: ar
configure:5277: checking for archiver @FILE support
configure:5294: gcc -c -g -O2  conftest.c >&5
configure:5294: $? = 0
configure:5297: ar cru libconftest.a @conftest.lst >&5
ar: `u' modifier ignored since `D' is the default (see `U')
configure:5300: $? = 0
configure:5305: ar cru libconftest.a @conftest.lst >&5
ar: `u' modifier ignored since `D' is the default (see `U')
ar: conftest.o: No such file or directory
configure:5308: $? = 1
configure:5320: result: @
configure:5378: checking for strip
configure:5394: found /usr/bin/strip
configure:5405: result: strip
configure:5477: checking for ranlib
configure:5493: found /usr/bin/ranlib
configure:5504: result: ranlib
configure:5581: checking for gawk
configure:5597: found /usr/bin/gawk
configure:5608: result: gawk
configure:5648: checking command to parse /usr/bin/nm -B output from gcc object
configure:5801: gcc -c -g -O2  conftest.c >&5
configure:5804: $? = 0
configure:5808: /usr/bin/nm -B conftest.o \| sed -n -e 's/^.*[ ]\([ABCDGIRSTW][ABCDGIRSTW]*\)[ ][ ]*\([_A-Za-z][_A-Za-z0-9]*\)$/\1 \2 \2/p' | sed '/ __gnu_lto/d' \> conftest.nm
configure:5811: $? = 0
configure:5877: gcc -o conftest -g -O2   conftest.c conftstm.o >&5
configure:5880: $? = 0
configure:5918: result: ok
configure:5965: checking for sysroot
configure:5995: result: no
configure:6002: checking for a working dd
configure:6040: result: /bin/dd
configure:6044: checking how to truncate binary pipes
configure:6059: result: /bin/dd bs=4096 count=1
configure:6195: gcc -c -g -O2  conftest.c >&5
configure:6198: $? = 0
configure:6388: checking for mt
configure:6404: found /bin/mt
configure:6415: result: mt
configure:6438: checking if mt is a manifest tool
configure:6444: mt '-?'
configure:6452: result: no
configure:7125: checking for ANSI C header files
configure:7145: gcc -c -g -O2  conftest.c >&5
configure:7145: $? = 0
configure:7218: gcc -o conftest -g -O2   conftest.c  >&5
configure:7218: $? = 0
configure:7218: ./conftest
configure:7218: $? = 0
configure:7229: result: yes
configure:7242: checking for sys/types.h
configure:7242: gcc -c -g -O2  conftest.c >&5
configure:7242: $? = 0
configure:7242: result: yes
configure:7242: checking for sys/stat.h
configure:7242: gcc -c -g -O2  conftest.c >&5
configure:7242: $? = 0
configure:7242: result: yes
configure:7242: checking for stdlib.h
configure:7242: gcc -c -g -O2  conftest.c >&5
configure:7242: $? = 0
configure:7242: result: yes
configure:7242: checking for string.h
configure:7242: gcc -c -g -O2  conftest.c >&5
configure:7242: $? = 0
configure:7242: result: yes
configure:7242: checking for memory.h
configure:7242: gcc -c -g -O2  conftest.c >&5
configure:7242: $? = 0
configure:7242: result: yes
configure:7242: checking for strings.h
configure:7242: gcc -c -g -O2  conftest.c >&5
configure:7242: $? = 0
configure:7242: result: yes
configure:7242: checking for inttypes.h
configure:7242: gcc -c -g -O2  conftest.c >&5
configure:7242: $? = 0
configure:7242: result: yes
configure:7242: checking for stdint.h
configure:7242: gcc -c -g -O2  conftest.c >&5
configure:7242: $? = 0
configure:7242: result: yes
configure:7242: checking for unistd.h
configure:7242: gcc -c -g -O2  conftest.c >&5
configure:7242: $? = 0
configure:7242: result: yes
configure:7256: checking for dlfcn.h
configure:7256: gcc -c -g -O2  conftest.c >&5
configure:7256: $? = 0
configure:7256: result: yes
configure:7810: checking for objdir
configure:7825: result: .libs
configure:8085: checking if gcc supports -fno-rtti -fno-exceptions
configure:8103: gcc -c -g -O2  -fno-rtti -fno-exceptions conftest.c >&5
cc1: warning: command line option '-fno-rtti' is valid for C++/ObjC++ but not for C
configure:8107: $? = 0
configure:8120: result: no
configure:8478: checking for gcc option to produce PIC
configure:8485: result: -fPIC -DPIC
configure:8493: checking if gcc PIC flag -fPIC -DPIC works
configure:8511: gcc -c -g -O2  -fPIC -DPIC -DPIC conftest.c >&5
configure:8515: $? = 0
configure:8528: result: yes
configure:8557: checking if gcc static flag -static works
configure:8585: result: yes
configure:8600: checking if gcc supports -c -o file.o
configure:8621: gcc -c -g -O2  -o out/conftest2.o conftest.c >&5
configure:8625: $? = 0
configure:8647: result: yes
configure:8655: checking if gcc supports -c -o file.o
configure:8702: result: yes
configure:8735: checking whether the gcc linker (/usr/bin/ld -m elf_x86_64) supports shared libraries
configure:9998: result: yes
configure:10035: checking whether -lc should be explicitly linked in
configure:10043: gcc -c -g -O2  conftest.c >&5
configure:10046: $? = 0
configure:10061: gcc -shared  -fPIC -DPIC conftest.o  -v -Wl,-soname -Wl,conftest -o conftest 2\>\&1 \| /bin/grep  -lc  \>/dev/null 2\>\&1
configure:10064: $? = 0
configure:10078: result: no
configure:10238: checking dynamic linker characteristics
configure:10819: gcc -o conftest -g -O2   -Wl,-rpath -Wl,/foo conftest.c  >&5
configure:10819: $? = 0
configure:11068: result: GNU/Linux ld.so
configure:11190: checking how to hardcode library paths into programs
configure:11215: result: immediate
configure:11763: checking whether stripping libraries is possible
configure:11768: result: yes
configure:11803: checking if libtool supports shared libraries
configure:11805: result: yes
configure:11808: checking whether to build shared libraries
configure:11833: result: yes
configure:11836: checking whether to build static libraries
configure:11840: result: yes
configure:12041: checking for rmdir
configure:12057: found /bin/rmdir
configure:12068: result: rmdir
configure:12096: checking for a BSD-compatible install
configure:12164: result: /usr/bin/install -c
configure:12186: checking for ANSI C header files
configure:12290: result: yes
configure:12301: checking fcntl.h usability
configure:12301: gcc -c -g -O2  conftest.c >&5
configure:12301: $? = 0
configure:12301: result: yes
configure:12301: checking fcntl.h presence
configure:12301: gcc -E  conftest.c
configure:12301: $? = 0
configure:12301: result: yes
configure:12301: checking for fcntl.h
configure:12301: result: yes
configure:12301: checking for unistd.h
configure:12301: result: yes
configure:12315: checking for an ANSI C-conforming const
configure:12381: gcc -c -g -O2  conftest.c >&5
configure:12381: $? = 0
configure:12388: result: yes
configure:12400: checking size of int
configure:12405: gcc -o conftest -g -O2   conftest.c  >&5
configure:12405: $? = 0
configure:12405: ./conftest
configure:12405: $? = 0
configure:12419: result: 4
configure:12433: checking size of long
configure:12438: gcc -o conftest -g -O2   conftest.c  >&5
configure:12438: $? = 0
configure:12438: ./conftest
configure:12438: $? = 0
configure:12452: result: 8
configure:12466: checking whether cpp computation of bit length in ftconfig.in works
configure:12523: result: yes
configure:12561: checking for stdlib.h
configure:12561: result: yes
configure:12561: checking for unistd.h
configure:12561: result: yes
configure:12561: checking for sys/param.h
configure:12561: gcc -c -g -O2  conftest.c >&5
configure:12561: $? = 0
configure:12561: result: yes
configure:12581: checking for getpagesize
configure:12581: gcc -o conftest -g -O2   conftest.c  >&5
configure:12581: $? = 0
configure:12581: result: yes
configure:12590: checking for working mmap
configure:12739: gcc -o conftest -g -O2   conftest.c  >&5
configure:12739: $? = 0
configure:12739: ./conftest
configure:12739: $? = 0
configure:12749: result: yes
configure:12765: checking whether munmap is declared
configure:12765: gcc -c -g -O2  conftest.c >&5
configure:12765: $? = 0
configure:12765: result: yes
configure:12785: checking for munmap's first parameter type
configure:12799: gcc -c -g -O2  conftest.c >&5
configure:12799: $? = 0
configure:12800: result: void *
configure:12817: checking for memcpy
configure:12817: gcc -o conftest -g -O2   conftest.c  >&5
conftest.c:56:6: warning: conflicting types for built-in function 'memcpy' [-Wbuiltin-declaration-mismatch]
 char memcpy ();
      ^~~~~~
configure:12817: $? = 0
configure:12817: result: yes
configure:12817: checking for memmove
configure:12817: gcc -o conftest -g -O2   conftest.c  >&5
conftest.c:57:6: warning: conflicting types for built-in function 'memmove' [-Wbuiltin-declaration-mismatch]
 char memmove ();
      ^~~~~~~
configure:12817: $? = 0
configure:12817: result: yes
configure:12866: checking gcc compiler flag -pedantic to assure ANSI C works correctly
configure:12893: gcc -c -g -O2  -pedantic  conftest.c >&5
configure:12893: $? = 0
configure:12894: result: ok, add it to XX_ANSIFLAGS
configure:12866: checking gcc compiler flag -ansi to assure ANSI C works correctly
configure:12893: gcc -c -g -O2  -pedantic -ansi  conftest.c >&5
configure:12893: $? = 0
configure:12894: result: ok, add it to XX_ANSIFLAGS
configure:12968: checking for ZLIB
configure:13027: result: no
configure:13053: checking for gzsetparams in -lz
configure:13078: gcc -o conftest -g -O2   conftest.c -lz   >&5
/usr/bin/ld: cannot find -lz
collect2: error: ld returned 1 exit status
configure:13078: $? = 1
configure: failed program was:
| /* confdefs.h */
| #define PACKAGE_NAME "FreeType"
| #define PACKAGE_TARNAME "freetype"
| #define PACKAGE_VERSION "2.5.3"
| #define PACKAGE_STRING "FreeType 2.5.3"
| #define PACKAGE_BUGREPORT "freetype@nongnu.org"
| #define PACKAGE_URL ""
| #define STDC_HEADERS 1
| #define HAVE_SYS_TYPES_H 1
| #define HAVE_SYS_STAT_H 1
| #define HAVE_STDLIB_H 1
| #define HAVE_STRING_H 1
| #define HAVE_MEMORY_H 1
| #define HAVE_STRINGS_H 1
| #define HAVE_INTTYPES_H 1
| #define HAVE_STDINT_H 1
| #define HAVE_UNISTD_H 1
| #define HAVE_DLFCN_H 1
| #define LT_OBJDIR ".libs/"
| #define STDC_HEADERS 1
| #define HAVE_FCNTL_H 1
| #define HAVE_UNISTD_H 1
| #define SIZEOF_INT 4
| #define SIZEOF_LONG 8
| #define HAVE_STDLIB_H 1
| #define HAVE_UNISTD_H 1
| #define HAVE_SYS_PARAM_H 1
| #define HAVE_GETPAGESIZE 1
| #define HAVE_MMAP 1
| #define HAVE_DECL_MUNMAP 1
| #define MUNMAP_USES_VOIDP /**/
| #define HAVE_MEMCPY 1
| #define HAVE_MEMMOVE 1
| /* end confdefs.h.  */
| 
| /* Override any GCC internal prototype to avoid an error.
|    Use char because int might match the return type of a GCC
|    builtin and then its argument prototype would still apply.  */
| #ifdef __cplusplus
| extern "C"
| #endif
| char gzsetparams ();
| int
| main ()
| {
| return gzsetparams ();
|   ;
|   return 0;
| }
configure:13087: result: no
configure:13138: checking for BZIP2
configure:13197: result: no
configure:13223: checking for BZ2_bzDecompress in -lbz2
configure:13248: gcc -o conftest -g -O2   conftest.c -lbz2   >&5
/usr/bin/ld: cannot find -lbz2
collect2: error: ld returned 1 exit status
configure:13248: $? = 1
configure: failed program was:
| /* confdefs.h */
| #define PACKAGE_NAME "FreeType"
| #define PACKAGE_TARNAME "freetype"
| #define PACKAGE_VERSION "2.5.3"
| #define PACKAGE_STRING "FreeType 2.5.3"
| #define PACKAGE_BUGREPORT "freetype@nongnu.org"
| #define PACKAGE_URL ""
| #define STDC_HEADERS 1
| #define HAVE_SYS_TYPES_H 1
| #define HAVE_SYS_STAT_H 1
| #define HAVE_STDLIB_H 1
| #define HAVE_STRING_H 1
| #define HAVE_MEMORY_H 1
| #define HAVE_STRINGS_H 1
| #define HAVE_INTTYPES_H 1
| #define HAVE_STDINT_H 1
| #define HAVE_UNISTD_H 1
| #define HAVE_DLFCN_H 1
| #define LT_OBJDIR ".libs/"
| #define STDC_HEADERS 1
| #define HAVE_FCNTL_H 1
| #define HAVE_UNISTD_H 1
| #define SIZEOF_INT 4
| #define SIZEOF_LONG 8
| #define HAVE_STDLIB_H 1
| #define HAVE_UNISTD_H 1
| #define HAVE_SYS_PARAM_H 1
| #define HAVE_GETPAGESIZE 1
| #define HAVE_MMAP 1
| #define HAVE_DECL_MUNMAP 1
| #define MUNMAP_USES_VOIDP /**/
| #define HAVE_MEMCPY 1
| #define HAVE_MEMMOVE 1
| /* end confdefs.h.  */
| 
| /* Override any GCC internal prototype to avoid an error.
|    Use char because int might match the return type of a GCC
|    builtin and then its argument prototype would still apply.  */
| #ifdef __cplusplus
| extern "C"
| #endif
| char BZ2_bzDecompress ();
| int
| main ()
| {
| return BZ2_bzDecompress ();
|   ;
|   return 0;
| }
configure:13257: result: no
configure:13308: checking for LIBPNG
configure:13367: result: no
configure:13393: checking for libpng-config
configure:13404: result: no
configure:13444: checking for HARFBUZZ
configure:13503: result: no
configure:14342: creating ./config.status

## ---------------------- ##
## Running config.status. ##
## ---------------------- ##

This file was extended by FreeType config.status 2.5.3, which was
generated by GNU Autoconf 2.69.  Invocation command line was

  CONFIG_FILES    = 
  CONFIG_HEADERS  = 
  CONFIG_LINKS    = 
  CONFIG_COMMANDS = 
  $ ./config.status 

on ubuntu-host

config.status:1089: creating unix-cc.mk
config.status:1089: creating unix-def.mk
config.status:1089: creating ftconfig.h
config.status:1278: executing libtool commands
configure:16365:

Library configuration:
  external zlib: no
  bzip2:         no
  libpng:        no
  harfbuzz:      no


## ---------------- ##
## Cache variables. ##
## ---------------- ##

ac_cv_build=x86_64-pc-linux-gnu
ac_cv_c_compiler_gnu=yes
ac_cv_c_const=yes
ac_cv_env_BZIP2_CFLAGS_set=
ac_cv_env_BZIP2_CFLAGS_value=
ac_cv_env_BZIP2_LIBS_set=
ac_cv_env_BZIP2_LIBS_value=
ac_cv_env_CC_set=
ac_cv_env_CC_value=
ac_cv_env_CFLAGS_set=
ac_cv_env_CFLAGS_value=
ac_cv_env_CPPFLAGS_set=
ac_cv_env_CPPFLAGS_value=
ac_cv_env_CPP_set=
ac_cv_env_CPP_value=
ac_cv_env_HARFBUZZ_CFLAGS_set=
ac_cv_env_HARFBUZZ_CFLAGS_value=
ac_cv_env_HARFBUZZ_LIBS_set=
ac_cv_env_HARFBUZZ_LIBS_value=
ac_cv_env_LDFLAGS_set=
ac_cv_env_LDFLAGS_value=
ac_cv_env_LIBPNG_CFLAGS_set=
ac_cv_env_LIBPNG_CFLAGS_value=
ac_cv_env_LIBPNG_LIBS_set=
ac_cv_env_LIBPNG_LIBS_value=
ac_cv_env_LIBS_set=
ac_cv_env_LIBS_value=
ac_cv_env_LT_SYS_LIBRARY_PATH_set=
ac_cv_env_LT_SYS_LIBRARY_PATH_value=
ac_cv_env_PKG_CONFIG_LIBDIR_set=
ac_cv_env_PKG_CONFIG_LIBDIR_value=
ac_cv_env_PKG_CONFIG_PATH_set=
ac_cv_env_PKG_CONFIG_PATH_value=
ac_cv_env_PKG_CONFIG_set=
ac_cv_env_PKG_CONFIG_value=
ac_cv_env_ZLIB_CFLAGS_set=
ac_cv_env_ZLIB_CFLAGS_value=
ac_cv_env_ZLIB_LIBS_set=
ac_cv_env_ZLIB_LIBS_value=
ac_cv_env_build_alias_set=
ac_cv_env_build_alias_value=
ac_cv_env_host_alias_set=
ac_cv_env_host_alias_value=
ac_cv_env_target_alias_set=
ac_cv_env_target_alias_value=
ac_cv_func_getpagesize=yes
ac_cv_func_memcpy=yes
ac_cv_func_memmove=yes
ac_cv_func_mmap_fixed_mapped=yes
ac_cv_have_decl_munmap=yes
ac_cv_header_dlfcn_h=yes
ac_cv_header_fcntl_h=yes
ac_cv_header_inttypes_h=yes
ac_cv_header_memory_h=yes
ac_cv_header_stdc=yes
ac_cv_header_stdint_h=yes
ac_cv_header_stdlib_h=yes
ac_cv_header_string_h=yes
ac_cv_header_strings_h=yes
ac_cv_header_sys_param_h=yes
ac_cv_header_sys_stat_h=yes
ac_cv_header_sys_types_h=yes
ac_cv_header_unistd_h=yes
ac_cv_host=x86_64-pc-linux-gnu
ac_cv_lib_bz2_BZ2_bzDecompress=no
ac_cv_lib_z_gzsetparams=no
ac_cv_objext=o
ac_cv_path_EGREP='/bin/grep -E'
ac_cv_path_FGREP='/bin/grep -F'
ac_cv_path_GREP=/bin/grep
ac_cv_path_SED=/bin/sed
ac_cv_path_install='/usr/bin/install -c'
ac_cv_path_lt_DD=/bin/dd
ac_cv_prog_AWK=gawk
ac_cv_prog_CPP='gcc -E'
ac_cv_prog_RMDIR=rmdir
ac_cv_prog_ac_ct_AR=ar
ac_cv_prog_ac_ct_CC=gcc
ac_cv_prog_ac_ct_MANIFEST_TOOL=mt
ac_cv_prog_ac_ct_OBJDUMP=objdump
ac_cv_prog_ac_ct_RANLIB=ranlib
ac_cv_prog_ac_ct_STRIP=strip
ac_cv_prog_cc_c89=
ac_cv_prog_cc_g=yes
ac_cv_sizeof_int=4
ac_cv_sizeof_long=8
lt_cv_ar_at_file=@
lt_cv_archive_cmds_need_lc=no
lt_cv_deplibs_check_method=pass_all
lt_cv_file_magic_cmd='$MAGIC_CMD'
lt_cv_file_magic_test_file=
lt_cv_ld_reload_flag=-r
lt_cv_nm_interface='BSD nm'
lt_cv_objdir=.libs
lt_cv_path_LD=/usr/bin/ld
lt_cv_path_NM='/usr/bin/nm -B'
lt_cv_path_mainfest_tool=no
lt_cv_prog_compiler_c_o=yes
lt_cv_prog_compiler_pic='-fPIC -DPIC'
lt_cv_prog_compiler_pic_works=yes
lt_cv_prog_compiler_rtti_exceptions=no
lt_cv_prog_compiler_static_works=yes
lt_cv_prog_gnu_ld=yes
lt_cv_sharedlib_from_linklib_cmd='printf %s\n'
lt_cv_shlibpath_overrides_runpath=yes
lt_cv_sys_global_symbol_pipe='sed -n -e '\''s/^.*[	 ]\([ABCDGIRSTW][ABCDGIRSTW]*\)[	 ][	 ]*\([_A-Za-z][_A-Za-z0-9]*\)$/\1 \2 \2/p'\'' | sed '\''/ __gnu_lto/d'\'''
lt_cv_sys_global_symbol_to_c_name_address='sed -n -e '\''s/^: \(.*\) .*$/  {"\1", (void *) 0},/p'\'' -e '\''s/^[ABCDGIRSTW][ABCDGIRSTW]* .* \(.*\)$/  {"\1", (void *) \&\1},/p'\'''
lt_cv_sys_global_symbol_to_c_name_address_lib_prefix='sed -n -e '\''s/^: \(.*\) .*$/  {"\1", (void *) 0},/p'\'' -e '\''s/^[ABCDGIRSTW][ABCDGIRSTW]* .* \(lib.*\)$/  {"\1", (void *) \&\1},/p'\'' -e '\''s/^[ABCDGIRSTW][ABCDGIRSTW]* .* \(.*\)$/  {"lib\1", (void *) \&\1},/p'\'''
lt_cv_sys_global_symbol_to_cdecl='sed -n -e '\''s/^T .* \(.*\)$/extern int \1();/p'\'' -e '\''s/^[ABCDGIRSTW][ABCDGIRSTW]* .* \(.*\)$/extern char \1;/p'\'''
lt_cv_sys_global_symbol_to_import=
lt_cv_sys_max_cmd_len=1572864
lt_cv_to_host_file_cmd=func_convert_file_noop
lt_cv_to_tool_file_cmd=func_convert_file_noop
lt_cv_truncate_bin='/bin/dd bs=4096 count=1'

## ----------------- ##
## Output variables. ##
## ----------------- ##

AR='ar'
AS='as'
AWK='gawk'
BZIP2_CFLAGS=''
BZIP2_LIBS=''
CC='gcc'
CC_BUILD='gcc'
CFLAGS='-g -O2'
CPP='gcc -E'
CPPFLAGS=''
DEFS='-DHAVE_CONFIG_H'
DLLTOOL='false'
DSYMUTIL=''
DUMPBIN=''
ECHO_C=''
ECHO_N='-n'
ECHO_T=''
EGREP='/bin/grep -E'
EXEEXT=''
EXEEXT_BUILD=''
FGREP='/bin/grep -F'
FTSYS_SRC='$(BUILD_DIR)/ftsystem.c'
GREP='/bin/grep'
HARFBUZZ_CFLAGS=''
HARFBUZZ_LIBS=''
INSTALL_DATA='${INSTALL} -m 644'
INSTALL_PROGRAM='${INSTALL}'
INSTALL_SCRIPT='${INSTALL}'
LD='/usr/bin/ld -m elf_x86_64'
LDFLAGS=''
LIBOBJS=''
LIBPNG_CFLAGS=''
LIBPNG_LIBS=''
LIBS=''
LIBSSTATIC_CONFIG='-lfreetype'
LIBS_CONFIG='-lfreetype'
LIBS_PRIVATE=''
LIBTOOL='$(SHELL) $(top_builddir)/libtool'
LIPO=''
LN_S='ln -s'
LTLIBOBJS=''
LT_SYS_LIBRARY_PATH=''
MANIFEST_TOOL=':'
NM='/usr/bin/nm -B'
NMEDIT=''
OBJDUMP='objdump'
OBJEXT='o'
OTOOL64=''
OTOOL=''
PACKAGE_BUGREPORT='freetype@nongnu.org'
PACKAGE_NAME='FreeType'
PACKAGE_STRING='FreeType 2.5.3'
PACKAGE_TARNAME='freetype'
PACKAGE_URL=''
PACKAGE_VERSION='2.5.3'
PATH_SEPARATOR=':'
PKG_CONFIG=''
PKG_CONFIG_LIBDIR=''
PKG_CONFIG_PATH=''
RANLIB='ranlib'
REQUIRES_PRIVATE=''
RMDIR='rmdir'
SED='/bin/sed'
SHELL='/bin/bash'
STRIP='strip'
XX_ANSIFLAGS=' -pedantic -ansi'
XX_CFLAGS='-Wall'
ZLIB_CFLAGS=''
ZLIB_LIBS=''
ac_ct_AR='ar'
ac_ct_CC='gcc'
ac_ct_DUMPBIN=''
bindir='${exec_prefix}/bin'
build='x86_64-pc-linux-gnu'
build_alias=''
build_cpu='x86_64'
build_libtool_libs=''
build_os='linux-gnu'
build_vendor='pc'
datadir='${datarootdir}'
datarootdir='${prefix}/share'
docdir='${datarootdir}/doc/${PACKAGE_TARNAME}'
dvidir='${docdir}'
exec_prefix='${prefix}'
ft_version='17.2.11'
ftmac_c=''
hardcode_libdir_flag_spec='$wl-rpath $wl$libdir'
host='x86_64-pc-linux-gnu'
host_alias=''
host_cpu='x86_64'
host_os='linux-gnu'
host_vendor='pc'
htmldir='${docdir}'
includedir='${prefix}/include'
infodir='${datarootdir}/info'
libdir='${exec_prefix}/lib'
libexecdir='${exec_prefix}/libexec'
localedir='${datarootdir}/locale'
localstatedir='${prefix}/var'
mandir='${datarootdir}/man'
oldincludedir='/usr/include'
pdfdir='${docdir}'
prefix='/usr/local'
program_transform_name='s,x,x,'
psdir='${docdir}'
runstatedir='${localstatedir}/run'
sbindir='${exec_prefix}/sbin'
sharedstatedir='${prefix}/com'
sysconfdir='${prefix}/etc'
target_alias=''
version_info='17:2:11'
wl='-Wl,'

## ----------- ##
## confdefs.h. ##
## ----------- ##

/* confdefs.h */
#define PACKAGE_NAME "FreeType"
#define PACKAGE_TARNAME "freetype"
#define PACKAGE_VERSION "2.5.3"
#define PACKAGE_STRING "FreeType 2.5.3"
#define PACKAGE_BUGREPORT "freetype@nongnu.org"
#define PACKAGE_URL ""
#define STDC_HEADERS 1
#define HAVE_SYS_TYPES_H 1
#define HAVE_SYS_STAT_H 1
#define HAVE_STDLIB_H 1
#define HAVE_STRING_H 1
#define HAVE_MEMORY_H 1
#define HAVE_STRINGS_H 1
#define HAVE_INTTYPES_H 1
#define HAVE_STDINT_H 1
#define HAVE_UNISTD_H 1
#define HAVE_DLFCN_H 1
#define LT_OBJDIR ".libs/"
#define STDC_HEADERS 1
#define HAVE_FCNTL_H 1
#define HAVE_UNISTD_H 1
#define SIZEOF_INT 4
#define SIZEOF_LONG 8
#define HAVE_STDLIB_H 1
#define HAVE_UNISTD_H 1
#define HAVE_SYS_PARAM_H 1
#define HAVE_GETPAGESIZE 1
#define HAVE_MMAP 1
#define HAVE_DECL_MUNMAP 1
#define MUNMAP_USES_VOIDP /**/
#define HAVE_MEMCPY 1
#define HAVE_MEMMOVE 1

configure: exit 0
